thodProcessor  : Using 'application/json', given [application/json, text/plain, */*] and supported [application/json, application/*+json, application/yaml]
2026-02-20T02:48:59.274Z DEBUG 11936 --- [ProEvalis] [nio-8082-exec-1] o.s.w.s.m.m.a.HttpEntityMethodProcessor  : Writing [ErrorResponse[timestamp=2026-02-20T02:48:59.274544480, status=403, message=Access Denied: You do not (truncated)...]
2026-02-20T02:48:59.275Z  WARN 11936 --- [ProEvalis] [nio-8082-exec-1] .m.m.a.ExceptionHandlerExceptionResolver : Resolved [org.springframework.security.access.AccessDeniedException: Access Denied]
2026-02-20T02:48:59.275Z DEBUG 11936 --- [ProEvalis] [nio-8082-exec-1] o.s.web.servlet.DispatcherServlet        : Completed 403 FORBIDDEN
2026-02-20T02:49:05.306Z DEBUG 11936 --- [ProEvalis] [nio-8082-exec-3] o.s.security.web.FilterChainProxy        : Securing OPTIONS /api/auth/refresh-token
2026-02-20T02:49:05.341Z DEBUG 11936 --- [ProEvalis] [nio-8082-exec-9] o.s.security.web.FilterChainProxy        : Securing POST /api/auth/refresh-token
2026-02-20T02:49:05.348Z DEBUG 11936 --- [ProEvalis] [nio-8082-exec-9] o.s.s.w.a.AnonymousAuthenticationFilter  : Set SecurityContextHolder to anonymous SecurityContext
2026-02-20T02:49:05.348Z DEBUG 11936 --- [ProEvalis] [nio-8082-exec-9] o.s.security.web.FilterChainProxy        : Secured POST /api/auth/refresh-token
2026-02-20T02:49:05.349Z DEBUG 11936 --- [ProEvalis] [nio-8082-exec-9] o.s.web.servlet.DispatcherServlet        : POST "/api/auth/refresh-token", parameters={}
2026-02-20T02:49:05.349Z DEBUG 11936 --- [ProEvalis] [nio-8082-exec-9] s.w.s.m.m.a.RequestMappingHandlerMapping : Mapped to com.locemp.tenant.features.auth.AuthController#refreshToken(String)
2026-02-20T02:49:05.358Z DEBUG 11936 --- [ProEvalis] [nio-8082-exec-9] org.hibernate.SQL                        : select u1_0.id,u1_0.avatar_path,u1_0.created_at,u1_0.deleted_at,u1_0.email,u1_0.email_verified_at,u1_0.password,u1_0.profile_completed,u1_0.updated_at,u1_0.user_type,u1_0.username from users u1_0 where u1_0.id=?
2026-02-20T02:49:05.360Z DEBUG 11936 --- [ProEvalis] [nio-8082-exec-9] org.hibernate.SQL                        : select mp1_0.id,mp1_0.bank_account_number,mp1_0.corporate_name,mp1_0.creation_date,mp1_0.city,mp1_0.country,mp1_0.street,mp1_0.zip_code,mp1_0.legal_form,mp1_0.legal_rep_email,mp1_0.legal_rep_first_name,mp1_0.legal_rep_function,mp1_0.legal_rep_last_name,mp1_0.legal_rep_phone,mp1_0.registration_number,mp1_0.social_object,mp1_0.user_id,u1_0.id,u1_0.avatar_path,u1_0.created_at,u1_0.deleted_at,u1_0.email,u1_0.email_verified_at,u1_0.password,u1_0.profile_completed,u1_0.updated_at,u1_0.user_type,u1_0.username,mp1_0.vat_number,mp1_0.website from moral_profiles mp1_0 join users u1_0 on u1_0.id=mp1_0.user_id where mp1_0.user_id=?
2026-02-20T02:49:05.362Z DEBUG 11936 --- [ProEvalis] [nio-8082-exec-9] org.hibernate.SQL                        : select pp1_0.id,pp1_0.city,pp1_0.country,pp1_0.street,pp1_0.zip_code,pp1_0.birth_date,pp1_0.first_name,pp1_0.gender,pp1_0.last_name,pp1_0.phone_number,pp1_0.profession,pp1_0.user_id,u1_0.id,u1_0.avatar_path,u1_0.created_at,u1_0.deleted_at,u1_0.email,u1_0.email_verified_at,u1_0.password,u1_0.profile_completed,u1_0.updated_at,u1_0.user_type,u1_0.username from physical_profiles pp1_0 join users u1_0 on u1_0.id=pp1_0.user_id where pp1_0.user_id=?
2026-02-20T02:49:05.367Z DEBUG 11936 --- [ProEvalis] [nio-8082-exec-9] org.hibernate.SQL                        : select mp1_0.id,mp1_0.bank_account_number,mp1_0.corporate_name,mp1_0.creation_date,mp1_0.city,mp1_0.country,mp1_0.street,mp1_0.zip_code,mp1_0.legal_form,mp1_0.legal_rep_email,mp1_0.legal_rep_first_name,mp1_0.legal_rep_function,mp1_0.legal_rep_last_name,mp1_0.legal_rep_phone,mp1_0.registration_number,mp1_0.social_object,mp1_0.user_id,u1_0.id,u1_0.avatar_path,u1_0.created_at,u1_0.deleted_at,u1_0.email,u1_0.email_verified_at,u1_0.password,u1_0.profile_completed,u1_0.updated_at,u1_0.user_type,u1_0.username,mp1_0.vat_number,mp1_0.website from moral_profiles mp1_0 join users u1_0 on u1_0.id=mp1_0.user_id where mp1_0.user_id=?
2026-02-20T02:49:05.369Z DEBUG 11936 --- [ProEvalis] [nio-8082-exec-9] o.s.w.s.m.m.a.HttpEntityMethodProcessor  : Using 'application/json', given [application/json, text/plain, */*] and supported [application/json, application/*+json, application/yaml]
2026-02-20T02:49:05.370Z DEBUG 11936 --- [ProEvalis] [nio-8082-exec-9] o.s.w.s.m.m.a.HttpEntityMethodProcessor  : Writing [RefreshTokenResponse[accessToken=eyJhbGciOiJIUzI1NiJ9.eyJ0ZW5hbnRJZCI6ImIwMzQ3NDA5LTIwMDItNDgxNy1hNT (truncated)...]
2026-02-20T02:49:05.370Z DEBUG 11936 --- [ProEvalis] [nio-8082-exec-9] o.s.web.servlet.DispatcherServlet        : Completed 200 OK
2026-02-20T02:49:05.954Z DEBUG 11936 --- [ProEvalis] [nio-8082-exec-5] o.s.security.web.FilterChainProxy        : Securing OPTIONS /api/public/identity
2026-02-20T02:49:05.963Z DEBUG 11936 --- [ProEvalis] [nio-8082-exec-8] o.s.security.web.FilterChainProxy        : Securing OPTIONS /api/navigation
2026-02-20T02:49:05.990Z DEBUG 11936 --- [ProEvalis] [nio-8082-exec-6] o.s.security.web.FilterChainProxy        : Securing GET /api/public/identity
2026-02-20T02:49:06.006Z DEBUG 11936 --- [ProEvalis] [nio-8082-exec-4] o.s.security.web.FilterChainProxy        : Securing GET /api/navigation
2026-02-20T02:49:06.026Z DEBUG 11936 --- [ProEvalis] [nio-8082-exec-4] org.hibernate.SQL                        : select u1_0.id,u1_0.avatar_path,u1_0.created_at,u1_0.deleted_at,u1_0.email,u1_0.email_verified_at,u1_0.password,u1_0.profile_completed,u1_0.updated_at,u1_0.user_type,u1_0.username from users u1_0 where u1_0.id=?
2026-02-20T02:49:06.026Z DEBUG 11936 --- [ProEvalis] [nio-8082-exec-6] org.hibernate.SQL                        : select u1_0.id,u1_0.avatar_path,u1_0.created_at,u1_0.deleted_at,u1_0.email,u1_0.email_verified_at,u1_0.password,u1_0.profile_completed,u1_0.updated_at,u1_0.user_type,u1_0.username from users u1_0 where u1_0.id=?
2026-02-20T02:49:06.028Z DEBUG 11936 --- [ProEvalis] [nio-8082-exec-4] org.hibernate.SQL                        : select mp1_0.id,mp1_0.bank_account_number,mp1_0.corporate_name,mp1_0.creation_date,mp1_0.city,mp1_0.country,mp1_0.street,mp1_0.zip_code,mp1_0.legal_form,mp1_0.legal_rep_email,mp1_0.legal_rep_first_name,mp1_0.legal_rep_function,mp1_0.legal_rep_last_name,mp1_0.legal_rep_phone,mp1_0.registration_number,mp1_0.social_object,mp1_0.user_id,u1_0.id,u1_0.avatar_path,u1_0.created_at,u1_0.deleted_at,u1_0.email,u1_0.email_verified_at,u1_0.password,u1_0.profile_completed,u1_0.updated_at,u1_0.user_type,u1_0.username,mp1_0.vat_number,mp1_0.website from moral_profiles mp1_0 join users u1_0 on u1_0.id=mp1_0.user_id where mp1_0.user_id=?
2026-02-20T02:49:06.029Z DEBUG 11936 --- [ProEvalis] [nio-8082-exec-4] org.hibernate.SQL                        : select pp1_0.id,pp1_0.city,pp1_0.country,pp1_0.street,pp1_0.zip_code,pp1_0.birth_date,pp1_0.first_name,pp1_0.gender,pp1_0.last_name,pp1_0.phone_number,pp1_0.profession,pp1_0.user_id,u1_0.id,u1_0.avatar_path,u1_0.created_at,u1_0.deleted_at,u1_0.email,u1_0.email_verified_at,u1_0.password,u1_0.profile_completed,u1_0.updated_at,u1_0.user_type,u1_0.username from physical_profiles pp1_0 join users u1_0 on u1_0.id=pp1_0.user_id where pp1_0.user_id=?
2026-02-20T02:49:06.032Z DEBUG 11936 --- [ProEvalis] [nio-8082-exec-4] org.hibernate.SQL                        : select mp1_0.id,mp1_0.bank_account_number,mp1_0.corporate_name,mp1_0.creation_date,mp1_0.city,mp1_0.country,mp1_0.street,mp1_0.zip_code,mp1_0.legal_form,mp1_0.legal_rep_email,mp1_0.legal_rep_first_name,mp1_0.legal_rep_function,mp1_0.legal_rep_last_name,mp1_0.legal_rep_phone,mp1_0.registration_number,mp1_0.social_object,mp1_0.user_id,u1_0.id,u1_0.avatar_path,u1_0.created_at,u1_0.deleted_at,u1_0.email,u1_0.email_verified_at,u1_0.password,u1_0.profile_completed,u1_0.updated_at,u1_0.user_type,u1_0.username,mp1_0.vat_number,mp1_0.website from moral_profiles mp1_0 join users u1_0 on u1_0.id=mp1_0.user_id where mp1_0.user_id=?
2026-02-20T02:49:06.033Z DEBUG 11936 --- [ProEvalis] [nio-8082-exec-6] org.hibernate.SQL                        : select mp1_0.id,mp1_0.bank_account_number,mp1_0.corporate_name,mp1_0.creation_date,mp1_0.city,mp1_0.country,mp1_0.street,mp1_0.zip_code,mp1_0.legal_form,mp1_0.legal_rep_email,mp1_0.legal_rep_first_name,mp1_0.legal_rep_function,mp1_0.legal_rep_last_name,mp1_0.legal_rep_phone,mp1_0.registration_number,mp1_0.social_object,mp1_0.user_id,u1_0.id,u1_0.avatar_path,u1_0.created_at,u1_0.deleted_at,u1_0.email,u1_0.email_verified_at,u1_0.password,u1_0.profile_completed,u1_0.updated_at,u1_0.user_type,u1_0.username,mp1_0.vat_number,mp1_0.website from moral_profiles mp1_0 join users u1_0 on u1_0.id=mp1_0.user_id where mp1_0.user_id=?
2026-02-20T02:49:06.044Z DEBUG 11936 --- [ProEvalis] [nio-8082-exec-6] org.hibernate.SQL                        : select pp1_0.id,pp1_0.city,pp1_0.country,pp1_0.street,pp1_0.zip_code,pp1_0.birth_date,pp1_0.first_name,pp1_0.gender,pp1_0.last_name,pp1_0.phone_number,pp1_0.profession,pp1_0.user_id,u1_0.id,u1_0.avatar_path,u1_0.created_at,u1_0.deleted_at,u1_0.email,u1_0.email_verified_at,u1_0.password,u1_0.profile_completed,u1_0.updated_at,u1_0.user_type,u1_0.username from physical_profiles pp1_0 join users u1_0 on u1_0.id=pp1_0.user_id where pp1_0.user_id=?
2026-02-20T02:49:06.047Z DEBUG 11936 --- [ProEvalis] [nio-8082-exec-6] org.hibernate.SQL                        : select mp1_0.id,mp1_0.bank_account_number,mp1_0.corporate_name,mp1_0.creation_date,mp1_0.city,mp1_0.country,mp1_0.street,mp1_0.zip_code,mp1_0.legal_form,mp1_0.legal_rep_email,mp1_0.legal_rep_first_name,mp1_0.legal_rep_function,mp1_0.legal_rep_last_name,mp1_0.legal_rep_phone,mp1_0.registration_number,mp1_0.social_object,mp1_0.user_id,u1_0.id,u1_0.avatar_path,u1_0.created_at,u1_0.deleted_at,u1_0.email,u1_0.email_verified_at,u1_0.password,u1_0.profile_completed,u1_0.updated_at,u1_0.user_type,u1_0.username,mp1_0.vat_number,mp1_0.website from moral_profiles mp1_0 join users u1_0 on u1_0.id=mp1_0.user_id where mp1_0.user_id=?
2026-02-20T02:49:06.061Z DEBUG 11936 --- [ProEvalis] [nio-8082-exec-6] c.l.s.j.filter.AbstractJwtRequestFilter  : Authenticated successfully: 8aa9e900-1769-48d3-bfdf-0f23c58623ca [Tenant: Optional[b0347409-2002-4817-a56d-e57b77b04391]]
2026-02-20T02:49:06.062Z DEBUG 11936 --- [ProEvalis] [nio-8082-exec-6] o.s.security.web.FilterChainProxy        : Secured GET /api/public/identity
2026-02-20T02:49:06.062Z DEBUG 11936 --- [ProEvalis] [nio-8082-exec-6] o.s.web.servlet.DispatcherServlet        : GET "/api/public/identity", parameters={}
2026-02-20T02:49:06.062Z DEBUG 11936 --- [ProEvalis] [nio-8082-exec-6] s.w.s.m.m.a.RequestMappingHandlerMapping : Mapped to com.locemp.tenant.base.controller.PublicTenantIdentityController#getIdentity()
2026-02-20T02:49:06.065Z DEBUG 11936 --- [ProEvalis] [nio-8082-exec-6] o.s.w.s.m.m.a.HttpEntityMethodProcessor  : Using 'application/json', given [application/json, text/plain, */*] and supported [application/json, application/*+json, application/yaml]
2026-02-20T02:49:06.066Z DEBUG 11936 --- [ProEvalis] [nio-8082-exec-6] o.s.w.s.m.m.a.HttpEntityMethodProcessor  : Writing [TenantLookupResponse[id=b0347409-2002-4817-a56d-e57b77b04391, tenantId=alpha_corp, companyName=Alpha (truncated)...]
2026-02-20T02:49:06.066Z DEBUG 11936 --- [ProEvalis] [nio-8082-exec-6] o.s.web.servlet.DispatcherServlet        : Completed 200 OK
2026-02-20T02:49:06.072Z DEBUG 11936 --- [ProEvalis] [nio-8082-exec-4] c.l.s.j.filter.AbstractJwtRequestFilter  : Authenticated successfully: 8aa9e900-1769-48d3-bfdf-0f23c58623ca [Tenant: Optional[b0347409-2002-4817-a56d-e57b77b04391]]
2026-02-20T02:49:06.078Z DEBUG 11936 --- [ProEvalis] [nio-8082-exec-4] o.s.security.web.FilterChainProxy        : Secured GET /api/navigation
2026-02-20T02:49:06.078Z DEBUG 11936 --- [ProEvalis] [nio-8082-exec-4] o.s.web.servlet.DispatcherServlet        : GET "/api/navigation", parameters={}
2026-02-20T02:49:06.078Z DEBUG 11936 --- [ProEvalis] [nio-8082-exec-4] s.w.s.m.m.a.RequestMappingHandlerMapping : Mapped to com.locemp.tenant.base.controller.NavigationController#getNavigation(UserPrincipal)
2026-02-20T02:49:06.086Z DEBUG 11936 --- [ProEvalis] [nio-8082-exec-4] org.hibernate.SQL                        : select r1_0.id from roles r1_0 join role_matrix p1_0 on r1_0.id=p1_0.role_id where p1_0.resource_type=? and p1_0.action in (?,?,?,?,?,?,?,?)
2026-02-20T02:49:06.089Z DEBUG 11936 --- [ProEvalis] [nio-8082-exec-4] org.hibernate.SQL                        : select r1_0.object_id from relationships r1_0 where r1_0.subject_id=? and r1_0.subject_type='USER' and r1_0.relation='MEMBER' and r1_0.object_type='GROUP' and (r1_0.expires_at is null or r1_0.expires_at>localtimestamp)
2026-02-20T02:49:06.091Z DEBUG 11936 --- [ProEvalis] [nio-8082-exec-4] org.hibernate.SQL                        : select count(r1_0.id)>0 from relationships r1_0 where r1_0.subject_id in (?) and r1_0.object_id=? and r1_0.relation in (?,?,?,?,?,?,?,?) and (r1_0.expires_at is null or r1_0.expires_at>localtimestamp)
2026-02-20T02:49:06.097Z DEBUG 11936 --- [ProEvalis] [nio-8082-exec-4] org.hibernate.SQL                        : select r1_0.id,r1_0.created_at,r1_0.deleted_at,r1_0.description,r1_0.is_system_role,r1_0.name,p1_0.role_id,p1_0.action,p1_0.resource_type,r1_0.scope,r1_0.updated_at from roles r1_0 left join role_matrix p1_0 on r1_0.id=p1_0.role_id where r1_0.id=?
2026-02-20T02:49:06.104Z DEBUG 11936 --- [ProEvalis] [nio-8082-exec-4] org.hibernate.SQL                        : select r1_0.id from roles r1_0 join role_matrix p1_0 on r1_0.id=p1_0.role_id where p1_0.resource_type=? and p1_0.action in (?,?)
2026-02-20T02:49:06.106Z DEBUG 11936 --- [ProEvalis] [nio-8082-exec-4] org.hibernate.SQL                        : select r1_0.object_id from relationships r1_0 where r1_0.subject_id=? and r1_0.subject_type='USER' and r1_0.relation='MEMBER' and r1_0.object_type='GROUP' and (r1_0.expires_at is null or r1_0.expires_at>localtimestamp)
2026-02-20T02:49:06.108Z DEBUG 11936 --- [ProEvalis] [nio-8082-exec-4] org.hibernate.SQL                        : select count(r1_0.id)>0 from relationships r1_0 where r1_0.subject_id in (?) and r1_0.object_id=? and r1_0.relation in (?,?) and (r1_0.expires_at is null or r1_0.expires_at>localtimestamp)
2026-02-20T02:49:06.111Z DEBUG 11936 --- [ProEvalis] [nio-8082-exec-4] org.hibernate.SQL                        : select r1_0.id,r1_0.created_at,r1_0.deleted_at,r1_0.description,r1_0.is_system_role,r1_0.name,p1_0.role_id,p1_0.action,p1_0.resource_type,r1_0.scope,r1_0.updated_at from roles r1_0 left join role_matrix p1_0 on r1_0.id=p1_0.role_id where r1_0.id=?
2026-02-20T02:49:06.117Z DEBUG 11936 --- [ProEvalis] [nio-8082-exec-4] org.hibernate.SQL                        : select r1_0.id from roles r1_0 join role_matrix p1_0 on r1_0.id=p1_0.role_id where p1_0.resource_type=? and p1_0.action in (?,?,?,?,?,?,?,?)
2026-02-20T02:49:06.123Z DEBUG 11936 --- [ProEvalis] [nio-8082-exec-4] org.hibernate.SQL                        : select r1_0.object_id from relationships r1_0 where r1_0.subject_id=? and r1_0.subject_type='USER' and r1_0.relation='MEMBER' and r1_0.object_type='GROUP' and (r1_0.expires_at is null or r1_0.expires_at>localtimestamp)
2026-02-20T02:49:06.128Z DEBUG 11936 --- [ProEvalis] [nio-8082-exec-4] org.hibernate.SQL                        : select count(r1_0.id)>0 from relationships r1_0 where r1_0.subject_id in (?) and r1_0.object_id=? and r1_0.relation in (?,?,?,?,?,?,?,?,?,?) and (r1_0.expires_at is null or r1_0.expires_at>localtimestamp)
2026-02-20T02:49:06.133Z ERROR 11936 --- [ProEvalis] [nio-8082-exec-4] c.l.t.b.service.HateoasDiscoveryService  : Failed to fetch links from provider RebacModuleLinkProvider: Could not generate CGLIB subclass of class com.locemp.tenant.rebac.dto.RebacMetadataResponse: Common causes of this problem include using a final class or a non-visible class
2026-02-20T02:49:06.136Z DEBUG 11936 --- [ProEvalis] [nio-8082-exec-4] org.hibernate.SQL                        : select r1_0.id from roles r1_0 join role_matrix p1_0 on r1_0.id=p1_0.role_id where p1_0.resource_type=? and p1_0.action in (?,?,?,?,?,?,?,?)
2026-02-20T02:49:06.141Z DEBUG 11936 --- [ProEvalis] [nio-8082-exec-4] org.hibernate.SQL                        : select r1_0.object_id from relationships r1_0 where r1_0.subject_id=? and r1_0.subject_type='USER' and r1_0.relation='MEMBER' and r1_0.object_type='GROUP' and (r1_0.expires_at is null or r1_0.expires_at>localtimestamp)
2026-02-20T02:49:06.147Z DEBUG 11936 --- [ProEvalis] [nio-8082-exec-4] org.hibernate.SQL                        : select count(r1_0.id)>0 from relationships r1_0 where r1_0.subject_id in (?) and r1_0.object_id=? and r1_0.relation in (?,?,?,?,?,?,?,?) and (r1_0.expires_at is null or r1_0.expires_at>localtimestamp)
2026-02-20T02:49:06.150Z DEBUG 11936 --- [ProEvalis] [nio-8082-exec-4] org.hibernate.SQL                        : select count(*) from user_groups ug1_0 where ug1_0.id=?
2026-02-20T02:49:06.156Z DEBUG 11936 --- [ProEvalis] [nio-8082-exec-4] org.hibernate.SQL                        : select r1_0.id from roles r1_0 join role_matrix p1_0 on r1_0.id=p1_0.role_id where p1_0.resource_type=? and p1_0.action in (?)
2026-02-20T02:49:06.159Z DEBUG 11936 --- [ProEvalis] [nio-8082-exec-4] org.hibernate.SQL                        : select r1_0.object_id from relationships r1_0 where r1_0.subject_id=? and r1_0.subject_type='USER' and r1_0.relation='MEMBER' and r1_0.object_type='GROUP' and (r1_0.expires_at is null or r1_0.expires_at>localtimestamp)
2026-02-20T02:49:06.162Z DEBUG 11936 --- [ProEvalis] [nio-8082-exec-4] org.hibernate.SQL                        : select count(r1_0.id)>0 from relationships r1_0 where r1_0.subject_id in (?) and r1_0.object_id=? and r1_0.relation in (?,?,?) and (r1_0.expires_at is null or r1_0.expires_at>localtimestamp)
2026-02-20T02:49:06.169Z DEBUG 11936 --- [ProEvalis] [nio-8082-exec-4] org.hibernate.SQL                        : select r1_0.id from roles r1_0 join role_matrix p1_0 on r1_0.id=p1_0.role_id where p1_0.resource_type=? and p1_0.action in (?,?,?,?,?,?,?,?)
2026-02-20T02:49:06.172Z DEBUG 11936 --- [ProEvalis] [nio-8082-exec-4] org.hibernate.SQL                        : select r1_0.object_id from relationships r1_0 where r1_0.subject_id=? and r1_0.subject_type='USER' and r1_0.relation='MEMBER' and r1_0.object_type='GROUP' and (r1_0.expires_at is null or r1_0.expires_at>localtimestamp)
2026-02-20T02:49:06.178Z DEBUG 11936 --- [ProEvalis] [nio-8082-exec-4] org.hibernate.SQL                        : select count(r1_0.id)>0 from relationships r1_0 where r1_0.subject_id in (?) and r1_0.object_id=? and r1_0.relation in (?,?,?,?,?,?,?,?) and (r1_0.expires_at is null or r1_0.expires_at>localtimestamp)
2026-02-20T02:49:06.182Z DEBUG 11936 --- [ProEvalis] [nio-8082-exec-4] org.hibernate.SQL                        : select count(*) from users u1_0 where u1_0.id=?
2026-02-20T02:49:06.187Z DEBUG 11936 --- [ProEvalis] [nio-8082-exec-4] org.hibernate.SQL                        : select r1_0.id from roles r1_0 join role_matrix p1_0 on r1_0.id=p1_0.role_id where p1_0.resource_type=? and p1_0.action in (?,?)
2026-02-20T02:49:06.192Z DEBUG 11936 --- [ProEvalis] [nio-8082-exec-4] org.hibernate.SQL                        : select r1_0.object_id from relationships r1_0 where r1_0.subject_id=? and r1_0.subject_type='USER' and r1_0.relation='MEMBER' and r1_0.object_type='GROUP' and (r1_0.expires_at is null or r1_0.expires_at>localtimestamp)
2026-02-20T02:49:06.195Z DEBUG 11936 --- [ProEvalis] [nio-8082-exec-4] org.hibernate.SQL                        : select count(r1_0.id)>0 from relationships r1_0 where r1_0.subject_id in (?) and r1_0.object_id=? and r1_0.relation in (?,?) and (r1_0.expires_at is null or r1_0.expires_at>localtimestamp)
2026-02-20T02:49:06.201Z DEBUG 11936 --- [ProEvalis] [nio-8082-exec-4] org.hibernate.SQL                        : select count(*) from users u1_0 where u1_0.id=?
2026-02-20T02:49:06.204Z DEBUG 11936 --- [ProEvalis] [nio-8082-exec-4] org.hibernate.SQL                        : select r1_0.id from roles r1_0 join role_matrix p1_0 on r1_0.id=p1_0.role_id where p1_0.resource_type=? and p1_0.action in (?,?,?,?,?,?,?,?)
2026-02-20T02:49:06.208Z DEBUG 11936 --- [ProEvalis] [nio-8082-exec-4] org.hibernate.SQL                        : select r1_0.object_id from relationships r1_0 where r1_0.subject_id=? and r1_0.subject_type='USER' and r1_0.relation='MEMBER' and r1_0.object_type='GROUP' and (r1_0.expires_at is null or r1_0.expires_at>localtimestamp)
2026-02-20T02:49:06.212Z DEBUG 11936 --- [ProEvalis] [nio-8082-exec-4] org.hibernate.SQL                        : select count(r1_0.id)>0 from relationships r1_0 where r1_0.subject_id in (?) and r1_0.object_id=? and r1_0.relation in (?,?,?,?,?,?,?,?) and (r1_0.expires_at is null or r1_0.expires_at>localtimestamp)
2026-02-20T02:49:06.217Z DEBUG 11936 --- [ProEvalis] [nio-8082-exec-4] org.hibernate.SQL                        : select count(*) from projects p1_0 where p1_0.id=?
2026-02-20T02:49:06.221Z DEBUG 11936 --- [ProEvalis] [nio-8082-exec-4] org.hibernate.SQL                        : select r1_0.id from roles r1_0 join role_matrix p1_0 on r1_0.id=p1_0.role_id where p1_0.resource_type=? and p1_0.action in (?,?)
2026-02-20T02:49:06.224Z DEBUG 11936 --- [ProEvalis] [nio-8082-exec-4] org.hibernate.SQL                        : select r1_0.object_id from relationships r1_0 where r1_0.subject_id=? and r1_0.subject_type='USER' and r1_0.relation='MEMBER' and r1_0.object_type='GROUP' and (r1_0.expires_at is null or r1_0.expires_at>localtimestamp)
2026-02-20T02:49:06.226Z DEBUG 11936 --- [ProEvalis] [nio-8082-exec-4] org.hibernate.SQL                        : select count(r1_0.id)>0 from relationships r1_0 where r1_0.subject_id in (?) and r1_0.object_id=? and r1_0.relation in (?,?) and (r1_0.expires_at is null or r1_0.expires_at>localtimestamp)
2026-02-20T02:49:06.230Z DEBUG 11936 --- [ProEvalis] [nio-8082-exec-4] org.hibernate.SQL                        : select count(*) from projects p1_0 where p1_0.id=?
2026-02-20T02:49:06.234Z DEBUG 11936 --- [ProEvalis] [nio-8082-exec-4] o.s.w.s.m.m.a.HttpEntityMethodProcessor  : Using 'application/json', given [application/json, text/plain, */*] and supported [application/hal+json, application/vnd.hal+json, application/json, application/*+json, application/yaml]
2026-02-20T02:49:06.234Z DEBUG 11936 --- [ProEvalis] [nio-8082-exec-4] o.s.w.s.m.m.a.HttpEntityMethodProcessor  : Writing [links: [<http://localhost:8082/api/groups>;rel="create-group"]]
2026-02-20T02:49:06.236Z DEBUG 11936 --- [ProEvalis] [nio-8082-exec-4] o.s.web.servlet.DispatcherServlet        : Completed 200 OK
2026-02-20T02:49:06.292Z DEBUG 11936 --- [ProEvalis] [nio-8082-exec-2] o.s.security.web.FilterChainProxy        : Securing OPTIONS /api/user/profile
2026-02-20T02:49:06.303Z DEBUG 11936 --- [ProEvalis] [nio-8082-exec-7] o.s.security.web.FilterChainProxy        : Securing GET /api/user/profile
2026-02-20T02:49:06.317Z DEBUG 11936 --- [ProEvalis] [nio-8082-exec-7] org.hibernate.SQL                        : select u1_0.id,u1_0.avatar_path,u1_0.created_at,u1_0.deleted_at,u1_0.email,u1_0.email_verified_at,u1_0.password,u1_0.profile_completed,u1_0.updated_at,u1_0.user_type,u1_0.username from users u1_0 where u1_0.id=?
2026-02-20T02:49:06.319Z DEBUG 11936 --- [ProEvalis] [nio-8082-exec-7] org.hibernate.SQL                        : select mp1_0.id,mp1_0.bank_account_number,mp1_0.corporate_name,mp1_0.creation_date,mp1_0.city,mp1_0.country,mp1_0.street,mp1_0.zip_code,mp1_0.legal_form,mp1_0.legal_rep_email,mp1_0.legal_rep_first_name,mp1_0.legal_rep_function,mp1_0.legal_rep_last_name,mp1_0.legal_rep_phone,mp1_0.registration_number,mp1_0.social_object,mp1_0.user_id,u1_0.id,u1_0.avatar_path,u1_0.created_at,u1_0.deleted_at,u1_0.email,u1_0.email_verified_at,u1_0.password,u1_0.profile_completed,u1_0.updated_at,u1_0.user_type,u1_0.username,mp1_0.vat_number,mp1_0.website from moral_profiles mp1_0 join users u1_0 on u1_0.id=mp1_0.user_id where mp1_0.user_id=?
2026-02-20T02:49:06.321Z DEBUG 11936 --- [ProEvalis] [nio-8082-exec-7] org.hibernate.SQL                        : select pp1_0.id,pp1_0.city,pp1_0.country,pp1_0.street,pp1_0.zip_code,pp1_0.birth_date,pp1_0.first_name,pp1_0.gender,pp1_0.last_name,pp1_0.phone_number,pp1_0.profession,pp1_0.user_id,u1_0.id,u1_0.avatar_path,u1_0.created_at,u1_0.deleted_at,u1_0.email,u1_0.email_verified_at,u1_0.password,u1_0.profile_completed,u1_0.updated_at,u1_0.user_type,u1_0.username from physical_profiles pp1_0 join users u1_0 on u1_0.id=pp1_0.user_id where pp1_0.user_id=?
2026-02-20T02:49:06.324Z DEBUG 11936 --- [ProEvalis] [nio-8082-exec-7] org.hibernate.SQL                        : select mp1_0.id,mp1_0.bank_account_number,mp1_0.corporate_name,mp1_0.creation_date,mp1_0.city,mp1_0.country,mp1_0.street,mp1_0.zip_code,mp1_0.legal_form,mp1_0.legal_rep_email,mp1_0.legal_rep_first_name,mp1_0.legal_rep_function,mp1_0.legal_rep_last_name,mp1_0.legal_rep_phone,mp1_0.registration_number,mp1_0.social_object,mp1_0.user_id,u1_0.id,u1_0.avatar_path,u1_0.created_at,u1_0.deleted_at,u1_0.email,u1_0.email_verified_at,u1_0.password,u1_0.profile_completed,u1_0.updated_at,u1_0.user_type,u1_0.username,mp1_0.vat_number,mp1_0.website from moral_profiles mp1_0 join users u1_0 on u1_0.id=mp1_0.user_id where mp1_0.user_id=?
2026-02-20T02:49:06.353Z DEBUG 11936 --- [ProEvalis] [nio-8082-exec-7] c.l.s.j.filter.AbstractJwtRequestFilter  : Authenticated successfully: 8aa9e900-1769-48d3-bfdf-0f23c58623ca [Tenant: Optional[b0347409-2002-4817-a56d-e57b77b04391]]
2026-02-20T02:49:06.356Z DEBUG 11936 --- [ProEvalis] [nio-8082-exec-7] o.s.security.web.FilterChainProxy        : Secured GET /api/user/profile
2026-02-20T02:49:06.356Z DEBUG 11936 --- [ProEvalis] [nio-8082-exec-7] o.s.web.servlet.DispatcherServlet        : GET "/api/user/profile", parameters={}
2026-02-20T02:49:06.357Z DEBUG 11936 --- [ProEvalis] [nio-8082-exec-7] s.w.s.m.m.a.RequestMappingHandlerMapping : Mapped to com.locemp.tenant.features.user.controller.UserController#getCurrentUserProfile(UserPrincipal)
2026-02-20T02:49:06.364Z DEBUG 11936 --- [ProEvalis] [nio-8082-exec-7] org.hibernate.SQL                        : select u1_0.id,u1_0.avatar_path,u1_0.created_at,u1_0.deleted_at,u1_0.email,u1_0.email_verified_at,u1_0.password,u1_0.profile_completed,u1_0.updated_at,u1_0.user_type,u1_0.username from users u1_0 where u1_0.id=?
2026-02-20T02:49:06.369Z DEBUG 11936 --- [ProEvalis] [nio-8082-exec-7] org.hibernate.SQL                        : select mp1_0.id,mp1_0.bank_account_number,mp1_0.corporate_name,mp1_0.creation_date,mp1_0.city,mp1_0.country,mp1_0.street,mp1_0.zip_code,mp1_0.legal_form,mp1_0.legal_rep_email,mp1_0.legal_rep_first_name,mp1_0.legal_rep_function,mp1_0.legal_rep_last_name,mp1_0.legal_rep_phone,mp1_0.registration_number,mp1_0.social_object,mp1_0.user_id,u1_0.id,u1_0.avatar_path,u1_0.created_at,u1_0.deleted_at,u1_0.email,u1_0.email_verified_at,u1_0.password,u1_0.profile_completed,u1_0.updated_at,u1_0.user_type,u1_0.username,mp1_0.vat_number,mp1_0.website from moral_profiles mp1_0 join users u1_0 on u1_0.id=mp1_0.user_id where mp1_0.user_id=?
2026-02-20T02:49:06.371Z DEBUG 11936 --- [ProEvalis] [nio-8082-exec-7] org.hibernate.SQL                        : select pp1_0.id,pp1_0.city,pp1_0.country,pp1_0.street,pp1_0.zip_code,pp1_0.birth_date,pp1_0.first_name,pp1_0.gender,pp1_0.last_name,pp1_0.phone_number,pp1_0.profession,pp1_0.user_id,u1_0.id,u1_0.avatar_path,u1_0.created_at,u1_0.deleted_at,u1_0.email,u1_0.email_verified_at,u1_0.password,u1_0.profile_completed,u1_0.updated_at,u1_0.user_type,u1_0.username from physical_profiles pp1_0 join users u1_0 on u1_0.id=pp1_0.user_id where pp1_0.user_id=?
2026-02-20T02:49:06.373Z DEBUG 11936 --- [ProEvalis] [nio-8082-exec-7] org.hibernate.SQL                        : select mp1_0.id,mp1_0.bank_account_number,mp1_0.corporate_name,mp1_0.creation_date,mp1_0.city,mp1_0.country,mp1_0.street,mp1_0.zip_code,mp1_0.legal_form,mp1_0.legal_rep_email,mp1_0.legal_rep_first_name,mp1_0.legal_rep_function,mp1_0.legal_rep_last_name,mp1_0.legal_rep_phone,mp1_0.registration_number,mp1_0.social_object,mp1_0.user_id,u1_0.id,u1_0.avatar_path,u1_0.created_at,u1_0.deleted_at,u1_0.email,u1_0.email_verified_at,u1_0.password,u1_0.profile_completed,u1_0.updated_at,u1_0.user_type,u1_0.username,mp1_0.vat_number,mp1_0.website from moral_profiles mp1_0 join users u1_0 on u1_0.id=mp1_0.user_id where mp1_0.user_id=?
2026-02-20T02:49:06.377Z DEBUG 11936 --- [ProEvalis] [nio-8082-exec-7] org.hibernate.SQL                        : select r1_0.id from roles r1_0 join role_matrix p1_0 on r1_0.id=p1_0.role_id where p1_0.resource_type=? and p1_0.action in (?,?,?)
2026-02-20T02:49:06.380Z DEBUG 11936 --- [ProEvalis] [nio-8082-exec-7] org.hibernate.SQL                        : select r1_0.object_id from relationships r1_0 where r1_0.subject_id=? and r1_0.subject_type='USER' and r1_0.relation='MEMBER' and r1_0.object_type='GROUP' and (r1_0.expires_at is null or r1_0.expires_at>localtimestamp)
2026-02-20T02:49:06.383Z DEBUG 11936 --- [ProEvalis] [nio-8082-exec-7] org.hibernate.SQL                        : select count(r1_0.id)>0 from relationships r1_0 where r1_0.subject_id in (?) and r1_0.object_id=? and r1_0.relation in (?,?,?) and (r1_0.expires_at is null or r1_0.expires_at>localtimestamp)
2026-02-20T02:49:06.387Z DEBUG 11936 --- [ProEvalis] [nio-8082-exec-7] org.hibernate.SQL                        : select count(*) from users u1_0 where u1_0.id=?
2026-02-20T02:49:06.389Z DEBUG 11936 --- [ProEvalis] [nio-8082-exec-7] org.hibernate.SQL                        : select count(r1_0.id)>0 from relationships r1_0 where r1_0.subject_id in (?) and r1_0.object_id=? and r1_0.relation in (?,?,?) and (r1_0.expires_at is null or r1_0.expires_at>localtimestamp)
2026-02-20T02:49:06.390Z DEBUG 11936 --- [ProEvalis] [nio-8082-exec-7] c.l.t.r.s.ResourceHierarchyService       : No HierarchyResolver found for ResourceType: TENANT
2026-02-20T02:49:06.391Z DEBUG 11936 --- [ProEvalis] [nio-8082-exec-7] org.hibernate.SQL                        : select r1_0.id from roles r1_0 join role_matrix p1_0 on r1_0.id=p1_0.role_id where p1_0.resource_type=? and p1_0.action in (?,?)
2026-02-20T02:49:06.397Z DEBUG 11936 --- [ProEvalis] [nio-8082-exec-7] org.hibernate.SQL                        : select r1_0.object_id from relationships r1_0 where r1_0.subject_id=? and r1_0.subject_type='USER' and r1_0.relation='MEMBER' and r1_0.object_type='GROUP' and (r1_0.expires_at is null or r1_0.expires_at>localtimestamp)
2026-02-20T02:49:06.398Z DEBUG 11936 --- [ProEvalis] [nio-8082-exec-7] org.hibernate.SQL                        : select count(r1_0.id)>0 from relationships r1_0 where r1_0.subject_id in (?) and r1_0.object_id=? and r1_0.relation in (?,?) and (r1_0.expires_at is null or r1_0.expires_at>localtimestamp)
2026-02-20T02:49:06.404Z DEBUG 11936 --- [ProEvalis] [nio-8082-exec-7] org.hibernate.SQL                        : select count(*) from users u1_0 where u1_0.id=?
2026-02-20T02:49:06.406Z DEBUG 11936 --- [ProEvalis] [nio-8082-exec-7] org.hibernate.SQL                        : select count(r1_0.id)>0 from relationships r1_0 where r1_0.subject_id in (?) and r1_0.object_id=? and r1_0.relation in (?,?) and (r1_0.expires_at is null or r1_0.expires_at>localtimestamp)
2026-02-20T02:49:06.408Z DEBUG 11936 --- [ProEvalis] [nio-8082-exec-7] c.l.t.r.s.ResourceHierarchyService       : No HierarchyResolver found for ResourceType: TENANT
2026-02-20T02:49:06.409Z DEBUG 11936 --- [ProEvalis] [nio-8082-exec-7] org.hibernate.SQL                        : select r1_0.id from roles r1_0 join role_matrix p1_0 on r1_0.id=p1_0.role_id where p1_0.resource_type=? and p1_0.action in (?)
2026-02-20T02:49:06.411Z DEBUG 11936 --- [ProEvalis] [nio-8082-exec-7] org.hibernate.SQL                        : select r1_0.object_id from relationships r1_0 where r1_0.subject_id=? and r1_0.subject_type='USER' and r1_0.relation='MEMBER' and r1_0.object_type='GROUP' and (r1_0.expires_at is null or r1_0.expires_at>localtimestamp)
2026-02-20T02:49:06.415Z DEBUG 11936 --- [ProEvalis] [nio-8082-exec-7] org.hibernate.SQL                        : select count(r1_0.id)>0 from relationships r1_0 where r1_0.subject_id in (?) and r1_0.object_id=? and r1_0.relation in (?) and (r1_0.expires_at is null or r1_0.expires_at>localtimestamp)
2026-02-20T02:49:06.416Z DEBUG 11936 --- [ProEvalis] [nio-8082-exec-7] org.hibernate.SQL                        : select count(*) from users u1_0 where u1_0.id=?
2026-02-20T02:49:06.420Z DEBUG 11936 --- [ProEvalis] [nio-8082-exec-7] org.hibernate.SQL                        : select count(r1_0.id)>0 from relationships r1_0 where r1_0.subject_id in (?) and r1_0.object_id=? and r1_0.relation in (?) and (r1_0.expires_at is null or r1_0.expires_at>localtimestamp)
2026-02-20T02:49:06.422Z DEBUG 11936 --- [ProEvalis] [nio-8082-exec-7] c.l.t.r.s.ResourceHierarchyService       : No HierarchyResolver found for ResourceType: TENANT
2026-02-20T02:49:06.424Z DEBUG 11936 --- [ProEvalis] [nio-8082-exec-7] o.s.w.s.m.m.a.HttpEntityMethodProcessor  : Using 'application/json', given [application/json, text/plain, */*] and supported [application/hal+json, application/vnd.hal+json, application/json, application/*+json, application/yaml]
2026-02-20T02:49:06.424Z DEBUG 11936 --- [ProEvalis] [nio-8082-exec-7] o.s.w.s.m.m.a.HttpEntityMethodProcessor  : Writing [EntityModel { content: UserDetailResponse[id=8aa9e900-1769-48d3-bfdf-0f23c58623ca, username=Habibe K (truncated)...]
2026-02-20T02:49:06.425Z DEBUG 11936 --- [ProEvalis] [nio-8082-exec-7] o.s.web.servlet.DispatcherServlet        : Completed 200 OK
2026-02-20T02:49:15.241Z DEBUG 11936 --- [ProEvalis] [io-8082-exec-10] o.s.security.web.FilterChainProxy        : Securing OPTIONS /api/projects
2026-02-20T02:49:15.281Z DEBUG 11936 --- [ProEvalis] [nio-8082-exec-1] o.s.security.web.FilterChainProxy        : Securing GET /api/projects
2026-02-20T02:49:15.300Z DEBUG 11936 --- [ProEvalis] [nio-8082-exec-1] org.hibernate.SQL                        : select u1_0.id,u1_0.avatar_path,u1_0.created_at,u1_0.deleted_at,u1_0.email,u1_0.email_verified_at,u1_0.password,u1_0.profile_completed,u1_0.updated_at,u1_0.user_type,u1_0.username from users u1_0 where u1_0.id=?
2026-02-20T02:49:15.305Z DEBUG 11936 --- [ProEvalis] [nio-8082-exec-1] org.hibernate.SQL                        : select mp1_0.id,mp1_0.bank_account_number,mp1_0.corporate_name,mp1_0.creation_date,mp1_0.city,mp1_0.country,mp1_0.street,mp1_0.zip_code,mp1_0.legal_form,mp1_0.legal_rep_email,mp1_0.legal_rep_first_name,mp1_0.legal_rep_function,mp1_0.legal_rep_last_name,mp1_0.legal_rep_phone,mp1_0.registration_number,mp1_0.social_object,mp1_0.user_id,u1_0.id,u1_0.avatar_path,u1_0.created_at,u1_0.deleted_at,u1_0.email,u1_0.email_verified_at,u1_0.password,u1_0.profile_completed,u1_0.updated_at,u1_0.user_type,u1_0.username,mp1_0.vat_number,mp1_0.website from moral_profiles mp1_0 join users u1_0 on u1_0.id=mp1_0.user_id where mp1_0.user_id=?
2026-02-20T02:49:15.308Z DEBUG 11936 --- [ProEvalis] [nio-8082-exec-1] org.hibernate.SQL                        : select pp1_0.id,pp1_0.city,pp1_0.country,pp1_0.street,pp1_0.zip_code,pp1_0.birth_date,pp1_0.first_name,pp1_0.gender,pp1_0.last_name,pp1_0.phone_number,pp1_0.profession,pp1_0.user_id,u1_0.id,u1_0.avatar_path,u1_0.created_at,u1_0.deleted_at,u1_0.email,u1_0.email_verified_at,u1_0.password,u1_0.profile_completed,u1_0.updated_at,u1_0.user_type,u1_0.username from physical_profiles pp1_0 join users u1_0 on u1_0.id=pp1_0.user_id where pp1_0.user_id=?
2026-02-20T02:49:15.313Z DEBUG 11936 --- [ProEvalis] [nio-8082-exec-1] org.hibernate.SQL                        : select mp1_0.id,mp1_0.bank_account_number,mp1_0.corporate_name,mp1_0.creation_date,mp1_0.city,mp1_0.country,mp1_0.street,mp1_0.zip_code,mp1_0.legal_form,mp1_0.legal_rep_email,mp1_0.legal_rep_first_name,mp1_0.legal_rep_function,mp1_0.legal_rep_last_name,mp1_0.legal_rep_phone,mp1_0.registration_number,mp1_0.social_object,mp1_0.user_id,u1_0.id,u1_0.avatar_path,u1_0.created_at,u1_0.deleted_at,u1_0.email,u1_0.email_verified_at,u1_0.password,u1_0.profile_completed,u1_0.updated_at,u1_0.user_type,u1_0.username,mp1_0.vat_number,mp1_0.website from moral_profiles mp1_0 join users u1_0 on u1_0.id=mp1_0.user_id where mp1_0.user_id=?
2026-02-20T02:49:15.331Z DEBUG 11936 --- [ProEvalis] [nio-8082-exec-1] c.l.s.j.filter.AbstractJwtRequestFilter  : Authenticated successfully: 8aa9e900-1769-48d3-bfdf-0f23c58623ca [Tenant: Optional[b0347409-2002-4817-a56d-e57b77b04391]]
2026-02-20T02:49:15.331Z DEBUG 11936 --- [ProEvalis] [nio-8082-exec-1] o.s.security.web.FilterChainProxy        : Secured GET /api/projects
2026-02-20T02:49:15.331Z DEBUG 11936 --- [ProEvalis] [nio-8082-exec-1] o.s.web.servlet.DispatcherServlet        : GET "/api/projects", parameters={}
2026-02-20T02:49:15.332Z DEBUG 11936 --- [ProEvalis] [nio-8082-exec-1] s.w.s.m.m.a.RequestMappingHandlerMapping : Mapped to com.locemp.tenant.features.project.controller.ProjectController#searchProjects(String, Pageable)
2026-02-20T02:49:15.334Z DEBUG 11936 --- [ProEvalis] [nio-8082-exec-1] org.hibernate.SQL                        : select r1_0.id from roles r1_0 join role_matrix p1_0 on r1_0.id=p1_0.role_id where p1_0.resource_type=? and p1_0.action in (?,?,?,?,?,?,?,?)
2026-02-20T02:49:15.337Z DEBUG 11936 --- [ProEvalis] [nio-8082-exec-1] org.hibernate.SQL                        : select r1_0.object_id from relationships r1_0 where r1_0.subject_id=? and r1_0.subject_type='USER' and r1_0.relation='MEMBER' and r1_0.object_type='GROUP' and (r1_0.expires_at is null or r1_0.expires_at>localtimestamp)
2026-02-20T02:49:15.339Z DEBUG 11936 --- [ProEvalis] [nio-8082-exec-1] org.hibernate.SQL                        : select count(r1_0.id)>0 from relationships r1_0 where r1_0.subject_id in (?) and r1_0.object_id=? and r1_0.relation in (?,?,?,?,?,?,?,?) and (r1_0.expires_at is null or r1_0.expires_at>localtimestamp)
2026-02-20T02:49:15.340Z DEBUG 11936 --- [ProEvalis] [nio-8082-exec-1] org.hibernate.SQL                        : select count(*) from projects p1_0 where p1_0.id=?
2026-02-20T02:49:15.342Z  WARN 11936 --- [ProEvalis] [nio-8082-exec-1] c.l.t.b.s.aspect.TenantSecurityAspect    : Access Denied: User '8aa9e900-1769-48d3-bfdf-0f23c58623ca' needed PROJECT/READ on [null]
2026-02-20T02:49:15.342Z DEBUG 11936 --- [ProEvalis] [nio-8082-exec-1] .m.m.a.ExceptionHandlerExceptionResolver : Using @ExceptionHandler com.locemp.core.api.exception.GlobalExceptionHandler#handleAccessDeniedException(AccessDeniedException)
2026-02-20T02:49:15.344Z DEBUG 11936 --- [ProEvalis] [nio-8082-exec-1] o.s.w.s.m.m.a.HttpEntityMethodProcessor  : Using 'application/json', given [application/json, text/plain, */*] and supported [application/json, application/*+json, application/yaml]
2026-02-20T02:49:15.344Z DEBUG 11936 --- [ProEvalis] [nio-8082-exec-1] o.s.w.s.m.m.a.HttpEntityMethodProcessor  : Writing [ErrorResponse[timestamp=2026-02-20T02:49:15.343029715, status=403, message=Access Denied: You do not (truncated)...]
2026-02-20T02:49:15.345Z  WARN 11936 --- [ProEvalis] [nio-8082-exec-1] .m.m.a.ExceptionHandlerExceptionResolver : Resolved [org.springframework.security.access.AccessDeniedException: Access Denied]
2026-02-20T02:49:15.345Z DEBUG 11936 --- [ProEvalis] [nio-8082-exec-1] o.s.web.servlet.DispatcherServlet        : Completed 403 FORBIDDEN
2026-02-20T02:49:21.438Z DEBUG 11936 --- [ProEvalis] [nio-8082-exec-3] o.s.security.web.FilterChainProxy        : Securing OPTIONS /api/projects
2026-02-20T02:49:21.456Z DEBUG 11936 --- [ProEvalis] [nio-8082-exec-9] o.s.security.web.FilterChainProxy        : Securing GET /api/projects
2026-02-20T02:49:21.473Z DEBUG 11936 --- [ProEvalis] [nio-8082-exec-9] org.hibernate.SQL                        : select u1_0.id,u1_0.avatar_path,u1_0.created_at,u1_0.deleted_at,u1_0.email,u1_0.email_verified_at,u1_0.password,u1_0.profile_completed,u1_0.updated_at,u1_0.user_type,u1_0.username from users u1_0 where u1_0.id=?
2026-02-20T02:49:21.474Z DEBUG 11936 --- [ProEvalis] [nio-8082-exec-9] org.hibernate.SQL                        : select mp1_0.id,mp1_0.bank_account_number,mp1_0.corporate_name,mp1_0.creation_date,mp1_0.city,mp1_0.country,mp1_0.street,mp1_0.zip_code,mp1_0.legal_form,mp1_0.legal_rep_email,mp1_0.legal_rep_first_name,mp1_0.legal_rep_function,mp1_0.legal_rep_last_name,mp1_0.legal_rep_phone,mp1_0.registration_number,mp1_0.social_object,mp1_0.user_id,u1_0.id,u1_0.avatar_path,u1_0.created_at,u1_0.deleted_at,u1_0.email,u1_0.email_verified_at,u1_0.password,u1_0.profile_completed,u1_0.updated_at,u1_0.user_type,u1_0.username,mp1_0.vat_number,mp1_0.website from moral_profiles mp1_0 join users u1_0 on u1_0.id=mp1_0.user_id where mp1_0.user_id=?
2026-02-20T02:49:21.475Z DEBUG 11936 --- [ProEvalis] [nio-8082-exec-9] org.hibernate.SQL                        : select pp1_0.id,pp1_0.city,pp1_0.country,pp1_0.street,pp1_0.zip_code,pp1_0.birth_date,pp1_0.first_name,pp1_0.gender,pp1_0.last_name,pp1_0.phone_number,pp1_0.profession,pp1_0.user_id,u1_0.id,u1_0.avatar_path,u1_0.created_at,u1_0.deleted_at,u1_0.email,u1_0.email_verified_at,u1_0.password,u1_0.profile_completed,u1_0.updated_at,u1_0.user_type,u1_0.username from physical_profiles pp1_0 join users u1_0 on u1_0.id=pp1_0.user_id where pp1_0.user_id=?
2026-02-20T02:49:21.478Z DEBUG 11936 --- [ProEvalis] [nio-8082-exec-9] org.hibernate.SQL                        : select mp1_0.id,mp1_0.bank_account_number,mp1_0.corporate_name,mp1_0.creation_date,mp1_0.city,mp1_0.country,mp1_0.street,mp1_0.zip_code,mp1_0.legal_form,mp1_0.legal_rep_email,mp1_0.legal_rep_first_name,mp1_0.legal_rep_function,mp1_0.legal_rep_last_name,mp1_0.legal_rep_phone,mp1_0.registration_number,mp1_0.social_object,mp1_0.user_id,u1_0.id,u1_0.avatar_path,u1_0.created_at,u1_0.deleted_at,u1_0.email,u1_0.email_verified_at,u1_0.password,u1_0.profile_completed,u1_0.updated_at,u1_0.user_type,u1_0.username,mp1_0.vat_number,mp1_0.website from moral_profiles mp1_0 join users u1_0 on u1_0.id=mp1_0.user_id where mp1_0.user_id=?
2026-02-20T02:49:21.487Z DEBUG 11936 --- [ProEvalis] [nio-8082-exec-9] c.l.s.j.filter.AbstractJwtRequestFilter  : Authenticated successfully: 8aa9e900-1769-48d3-bfdf-0f23c58623ca [Tenant: Optional[b0347409-2002-4817-a56d-e57b77b04391]]
2026-02-20T02:49:21.491Z DEBUG 11936 --- [ProEvalis] [nio-8082-exec-9] o.s.security.web.FilterChainProxy        : Secured GET /api/projects
2026-02-20T02:49:21.493Z DEBUG 11936 --- [ProEvalis] [nio-8082-exec-9] o.s.web.servlet.DispatcherServlet        : GET "/api/projects", parameters={}
2026-02-20T02:49:21.495Z DEBUG 11936 --- [ProEvalis] [nio-8082-exec-9] s.w.s.m.m.a.RequestMappingHandlerMapping : Mapped to com.locemp.tenant.features.project.controller.ProjectController#searchProjects(String, Pageable)
2026-02-20T02:49:21.498Z DEBUG 11936 --- [ProEvalis] [nio-8082-exec-9] org.hibernate.SQL                        : select r1_0.id from roles r1_0 join role_matrix p1_0 on r1_0.id=p1_0.role_id where p1_0.resource_type=? and p1_0.action in (?,?,?,?,?,?,?,?)
2026-02-20T02:49:21.508Z DEBUG 11936 --- [ProEvalis] [nio-8082-exec-9] org.hibernate.SQL                        : select r1_0.object_id from relationships r1_0 where r1_0.subject_id=? and r1_0.subject_type='USER' and r1_0.relation='MEMBER' and r1_0.object_type='GROUP' and (r1_0.expires_at is null or r1_0.expires_at>localtimestamp)
2026-02-20T02:49:21.517Z DEBUG 11936 --- [ProEvalis] [nio-8082-exec-9] org.hibernate.SQL                        : select count(r1_0.id)>0 from relationships r1_0 where r1_0.subject_id in (?) and r1_0.object_id=? and r1_0.relation in (?,?,?,?,?,?,?,?) and (r1_0.expires_at is null or r1_0.expires_at>localtimestamp)
2026-02-20T02:49:21.518Z DEBUG 11936 --- [ProEvalis] [nio-8082-exec-9] org.hibernate.SQL                        : select count(*) from projects p1_0 where p1_0.id=?
2026-02-20T02:49:21.520Z  WARN 11936 --- [ProEvalis] [nio-8082-exec-9] c.l.t.b.s.aspect.TenantSecurityAspect    : Access Denied: User '8aa9e900-1769-48d3-bfdf-0f23c58623ca' needed PROJECT/READ on [null]
2026-02-20T02:49:21.520Z DEBUG 11936 --- [ProEvalis] [nio-8082-exec-9] .m.m.a.ExceptionHandlerExceptionResolver : Using @ExceptionHandler com.locemp.core.api.exception.GlobalExceptionHandler#handleAccessDeniedException(AccessDeniedException)
2026-02-20T02:49:21.521Z DEBUG 11936 --- [ProEvalis] [nio-8082-exec-9] o.s.w.s.m.m.a.HttpEntityMethodProcessor  : Using 'application/json', given [application/json, text/plain, */*] and supported [application/json, application/*+json, application/yaml]
2026-02-20T02:49:21.521Z DEBUG 11936 --- [ProEvalis] [nio-8082-exec-9] o.s.w.s.m.m.a.HttpEntityMethodProcessor  : Writing [ErrorResponse[timestamp=2026-02-20T02:49:21.520995841, status=403, message=Access Denied: You do not (truncated)...]
2026-02-20T02:49:21.522Z  WARN 11936 --- [ProEvalis] [nio-8082-exec-9] .m.m.a.ExceptionHandlerExceptionResolver : Resolved [org.springframework.security.access.AccessDeniedException: Access Denied]
2026-02-20T02:49:21.522Z DEBUG 11936 --- [ProEvalis] [nio-8082-exec-9] o.s.web.servlet.DispatcherServlet        : Completed 403 FORBIDDEN
2026-02-20T02:50:42.147Z DEBUG 11936 --- [ProEvalis] [nio-8082-exec-4] o.s.security.web.FilterChainProxy        : Securing OPTIONS /api/auth/refresh-token
2026-02-20T02:50:42.151Z DEBUG 11936 --- [ProEvalis] [nio-8082-exec-2] o.s.security.web.FilterChainProxy        : Securing POST /api/auth/refresh-token
2026-02-20T02:50:42.155Z DEBUG 11936 --- [ProEvalis] [nio-8082-exec-2] o.s.s.w.a.AnonymousAuthenticationFilter  : Set SecurityContextHolder to anonymous SecurityContext
2026-02-20T02:50:42.155Z DEBUG 11936 --- [ProEvalis] [nio-8082-exec-2] o.s.security.web.FilterChainProxy        : Secured POST /api/auth/refresh-token
2026-02-20T02:50:42.155Z DEBUG 11936 --- [ProEvalis] [nio-8082-exec-2] o.s.web.servlet.DispatcherServlet        : POST "/api/auth/refresh-token", parameters={}
2026-02-20T02:50:42.155Z DEBUG 11936 --- [ProEvalis] [nio-8082-exec-2] s.w.s.m.m.a.RequestMappingHandlerMapping : Mapped to com.locemp.tenant.features.auth.AuthController#refreshToken(String)
2026-02-20T02:50:42.166Z DEBUG 11936 --- [ProEvalis] [nio-8082-exec-2] org.hibernate.SQL                        : select u1_0.id,u1_0.avatar_path,u1_0.created_at,u1_0.deleted_at,u1_0.email,u1_0.email_verified_at,u1_0.password,u1_0.profile_completed,u1_0.updated_at,u1_0.user_type,u1_0.username from users u1_0 where u1_0.id=?
2026-02-20T02:50:42.167Z DEBUG 11936 --- [ProEvalis] [nio-8082-exec-2] org.hibernate.SQL                        : select mp1_0.id,mp1_0.bank_account_number,mp1_0.corporate_name,mp1_0.creation_date,mp1_0.city,mp1_0.country,mp1_0.street,mp1_0.zip_code,mp1_0.legal_form,mp1_0.legal_rep_email,mp1_0.legal_rep_first_name,mp1_0.legal_rep_function,mp1_0.legal_rep_last_name,mp1_0.legal_rep_phone,mp1_0.registration_number,mp1_0.social_object,mp1_0.user_id,u1_0.id,u1_0.avatar_path,u1_0.created_at,u1_0.deleted_at,u1_0.email,u1_0.email_verified_at,u1_0.password,u1_0.profile_completed,u1_0.updated_at,u1_0.user_type,u1_0.username,mp1_0.vat_number,mp1_0.website from moral_profiles mp1_0 join users u1_0 on u1_0.id=mp1_0.user_id where mp1_0.user_id=?
2026-02-20T02:50:42.168Z DEBUG 11936 --- [ProEvalis] [nio-8082-exec-2] org.hibernate.SQL                        : select pp1_0.id,pp1_0.city,pp1_0.country,pp1_0.street,pp1_0.zip_code,pp1_0.birth_date,pp1_0.first_name,pp1_0.gender,pp1_0.last_name,pp1_0.phone_number,pp1_0.profession,pp1_0.user_id,u1_0.id,u1_0.avatar_path,u1_0.created_at,u1_0.deleted_at,u1_0.email,u1_0.email_verified_at,u1_0.password,u1_0.profile_completed,u1_0.updated_at,u1_0.user_type,u1_0.username from physical_profiles pp1_0 join users u1_0 on u1_0.id=pp1_0.user_id where pp1_0.user_id=?
2026-02-20T02:50:42.171Z DEBUG 11936 --- [ProEvalis] [nio-8082-exec-2] org.hibernate.SQL                        : select mp1_0.id,mp1_0.bank_account_number,mp1_0.corporate_name,mp1_0.creation_date,mp1_0.city,mp1_0.country,mp1_0.street,mp1_0.zip_code,mp1_0.legal_form,mp1_0.legal_rep_email,mp1_0.legal_rep_first_name,mp1_0.legal_rep_function,mp1_0.legal_rep_last_name,mp1_0.legal_rep_phone,mp1_0.registration_number,mp1_0.social_object,mp1_0.user_id,u1_0.id,u1_0.avatar_path,u1_0.created_at,u1_0.deleted_at,u1_0.email,u1_0.email_verified_at,u1_0.password,u1_0.profile_completed,u1_0.updated_at,u1_0.user_type,u1_0.username,mp1_0.vat_number,mp1_0.website from moral_profiles mp1_0 join users u1_0 on u1_0.id=mp1_0.user_id where mp1_0.user_id=?
2026-02-20T02:50:42.187Z DEBUG 11936 --- [ProEvalis] [nio-8082-exec-2] o.s.w.s.m.m.a.HttpEntityMethodProcessor  : Using 'application/json', given [application/json, text/plain, */*] and supported [application/json, application/*+json, application/yaml]
2026-02-20T02:50:42.193Z DEBUG 11936 --- [ProEvalis] [nio-8082-exec-2] o.s.w.s.m.m.a.HttpEntityMethodProcessor  : Writing [RefreshTokenResponse[accessToken=eyJhbGciOiJIUzI1NiJ9.eyJ0ZW5hbnRJZCI6ImIwMzQ3NDA5LTIwMDItNDgxNy1hNT (truncated)...]
2026-02-20T02:50:42.197Z DEBUG 11936 --- [ProEvalis] [nio-8082-exec-2] o.s.web.servlet.DispatcherServlet        : Completed 200 OK
2026-02-20T02:50:42.691Z DEBUG 11936 --- [ProEvalis] [nio-8082-exec-7] o.s.security.web.FilterChainProxy        : Securing OPTIONS /api/public/identity
2026-02-20T02:50:42.737Z DEBUG 11936 --- [ProEvalis] [io-8082-exec-10] o.s.security.web.FilterChainProxy        : Securing OPTIONS /api/navigation
2026-02-20T02:50:42.756Z DEBUG 11936 --- [ProEvalis] [nio-8082-exec-1] o.s.security.web.FilterChainProxy        : Securing GET /api/public/identity
2026-02-20T02:50:42.789Z DEBUG 11936 --- [ProEvalis] [nio-8082-exec-3] o.s.security.web.FilterChainProxy        : Securing GET /api/navigation
2026-02-20T02:50:42.810Z DEBUG 11936 --- [ProEvalis] [nio-8082-exec-1] org.hibernate.SQL                        : select u1_0.id,u1_0.avatar_path,u1_0.created_at,u1_0.deleted_at,u1_0.email,u1_0.email_verified_at,u1_0.password,u1_0.profile_completed,u1_0.updated_at,u1_0.user_type,u1_0.username from users u1_0 where u1_0.id=?
2026-02-20T02:50:42.827Z DEBUG 11936 --- [ProEvalis] [nio-8082-exec-1] org.hibernate.SQL                        : select mp1_0.id,mp1_0.bank_account_number,mp1_0.corporate_name,mp1_0.creation_date,mp1_0.city,mp1_0.country,mp1_0.street,mp1_0.zip_code,mp1_0.legal_form,mp1_0.legal_rep_email,mp1_0.legal_rep_first_name,mp1_0.legal_rep_function,mp1_0.legal_rep_last_name,mp1_0.legal_rep_phone,mp1_0.registration_number,mp1_0.social_object,mp1_0.user_id,u1_0.id,u1_0.avatar_path,u1_0.created_at,u1_0.deleted_at,u1_0.email,u1_0.email_verified_at,u1_0.password,u1_0.profile_completed,u1_0.updated_at,u1_0.user_type,u1_0.username,mp1_0.vat_number,mp1_0.website from moral_profiles mp1_0 join users u1_0 on u1_0.id=mp1_0.user_id where mp1_0.user_id=?
2026-02-20T02:50:42.831Z DEBUG 11936 --- [ProEvalis] [nio-8082-exec-1] org.hibernate.SQL                        : select pp1_0.id,pp1_0.city,pp1_0.country,pp1_0.street,pp1_0.zip_code,pp1_0.birth_date,pp1_0.first_name,pp1_0.gender,pp1_0.last_name,pp1_0.phone_number,pp1_0.profession,pp1_0.user_id,u1_0.id,u1_0.avatar_path,u1_0.created_at,u1_0.deleted_at,u1_0.email,u1_0.email_verified_at,u1_0.password,u1_0.profile_completed,u1_0.updated_at,u1_0.user_type,u1_0.username from physical_profiles pp1_0 join users u1_0 on u1_0.id=pp1_0.user_id where pp1_0.user_id=?
2026-02-20T02:50:42.842Z DEBUG 11936 --- [ProEvalis] [nio-8082-exec-1] org.hibernate.SQL                        : select mp1_0.id,mp1_0.bank_account_number,mp1_0.corporate_name,mp1_0.creation_date,mp1_0.city,mp1_0.country,mp1_0.street,mp1_0.zip_code,mp1_0.legal_form,mp1_0.legal_rep_email,mp1_0.legal_rep_first_name,mp1_0.legal_rep_function,mp1_0.legal_rep_last_name,mp1_0.legal_rep_phone,mp1_0.registration_number,mp1_0.social_object,mp1_0.user_id,u1_0.id,u1_0.avatar_path,u1_0.created_at,u1_0.deleted_at,u1_0.email,u1_0.email_verified_at,u1_0.password,u1_0.profile_completed,u1_0.updated_at,u1_0.user_type,u1_0.username,mp1_0.vat_number,mp1_0.website from moral_profiles mp1_0 join users u1_0 on u1_0.id=mp1_0.user_id where mp1_0.user_id=?
2026-02-20T02:50:42.859Z DEBUG 11936 --- [ProEvalis] [nio-8082-exec-3] org.hibernate.SQL                        : select u1_0.id,u1_0.avatar_path,u1_0.created_at,u1_0.deleted_at,u1_0.email,u1_0.email_verified_at,u1_0.password,u1_0.profile_completed,u1_0.updated_at,u1_0.user_type,u1_0.username from users u1_0 where u1_0.id=?
2026-02-20T02:50:42.862Z DEBUG 11936 --- [ProEvalis] [nio-8082-exec-1] c.l.s.j.filter.AbstractJwtRequestFilter  : Authenticated successfully: 8aa9e900-1769-48d3-bfdf-0f23c58623ca [Tenant: Optional[b0347409-2002-4817-a56d-e57b77b04391]]
2026-02-20T02:50:42.865Z DEBUG 11936 --- [ProEvalis] [nio-8082-exec-1] o.s.security.web.FilterChainProxy        : Secured GET /api/public/identity
2026-02-20T02:50:42.865Z DEBUG 11936 --- [ProEvalis] [nio-8082-exec-3] org.hibernate.SQL                        : select mp1_0.id,mp1_0.bank_account_number,mp1_0.corporate_name,mp1_0.creation_date,mp1_0.city,mp1_0.country,mp1_0.street,mp1_0.zip_code,mp1_0.legal_form,mp1_0.legal_rep_email,mp1_0.legal_rep_first_name,mp1_0.legal_rep_function,mp1_0.legal_rep_last_name,mp1_0.legal_rep_phone,mp1_0.registration_number,mp1_0.social_object,mp1_0.user_id,u1_0.id,u1_0.avatar_path,u1_0.created_at,u1_0.deleted_at,u1_0.email,u1_0.email_verified_at,u1_0.password,u1_0.profile_completed,u1_0.updated_at,u1_0.user_type,u1_0.username,mp1_0.vat_number,mp1_0.website from moral_profiles mp1_0 join users u1_0 on u1_0.id=mp1_0.user_id where mp1_0.user_id=?
2026-02-20T02:50:42.865Z DEBUG 11936 --- [ProEvalis] [nio-8082-exec-1] o.s.web.servlet.DispatcherServlet        : GET "/api/public/identity", parameters={}
2026-02-20T02:50:42.868Z DEBUG 11936 --- [ProEvalis] [nio-8082-exec-1] s.w.s.m.m.a.RequestMappingHandlerMapping : Mapped to com.locemp.tenant.base.controller.PublicTenantIdentityController#getIdentity()
2026-02-20T02:50:42.871Z DEBUG 11936 --- [ProEvalis] [nio-8082-exec-3] org.hibernate.SQL                        : select pp1_0.id,pp1_0.city,pp1_0.country,pp1_0.street,pp1_0.zip_code,pp1_0.birth_date,pp1_0.first_name,pp1_0.gender,pp1_0.last_name,pp1_0.phone_number,pp1_0.profession,pp1_0.user_id,u1_0.id,u1_0.avatar_path,u1_0.created_at,u1_0.deleted_at,u1_0.email,u1_0.email_verified_at,u1_0.password,u1_0.profile_completed,u1_0.updated_at,u1_0.user_type,u1_0.username from physical_profiles pp1_0 join users u1_0 on u1_0.id=pp1_0.user_id where pp1_0.user_id=?
2026-02-20T02:50:42.874Z DEBUG 11936 --- [ProEvalis] [nio-8082-exec-3] org.hibernate.SQL                        : select mp1_0.id,mp1_0.bank_account_number,mp1_0.corporate_name,mp1_0.creation_date,mp1_0.city,mp1_0.country,mp1_0.street,mp1_0.zip_code,mp1_0.legal_form,mp1_0.legal_rep_email,mp1_0.legal_rep_first_name,mp1_0.legal_rep_function,mp1_0.legal_rep_last_name,mp1_0.legal_rep_phone,mp1_0.registration_number,mp1_0.social_object,mp1_0.user_id,u1_0.id,u1_0.avatar_path,u1_0.created_at,u1_0.deleted_at,u1_0.email,u1_0.email_verified_at,u1_0.password,u1_0.profile_completed,u1_0.updated_at,u1_0.user_type,u1_0.username,mp1_0.vat_number,mp1_0.website from moral_profiles mp1_0 join users u1_0 on u1_0.id=mp1_0.user_id where mp1_0.user_id=?
2026-02-20T02:50:42.875Z DEBUG 11936 --- [ProEvalis] [nio-8082-exec-1] o.s.w.s.m.m.a.HttpEntityMethodProcessor  : Using 'application/json', given [application/json, text/plain, */*] and supported [application/json, application/*+json, application/yaml]
2026-02-20T02:50:42.880Z DEBUG 11936 --- [ProEvalis] [nio-8082-exec-1] o.s.w.s.m.m.a.HttpEntityMethodProcessor  : Writing [TenantLookupResponse[id=b0347409-2002-4817-a56d-e57b77b04391, tenantId=alpha_corp, companyName=Alpha (truncated)...]
2026-02-20T02:50:42.884Z DEBUG 11936 --- [ProEvalis] [nio-8082-exec-3] c.l.s.j.filter.AbstractJwtRequestFilter  : Authenticated successfully: 8aa9e900-1769-48d3-bfdf-0f23c58623ca [Tenant: Optional[b0347409-2002-4817-a56d-e57b77b04391]]
2026-02-20T02:50:42.885Z DEBUG 11936 --- [ProEvalis] [nio-8082-exec-3] o.s.security.web.FilterChainProxy        : Secured GET /api/navigation
2026-02-20T02:50:42.885Z DEBUG 11936 --- [ProEvalis] [nio-8082-exec-3] o.s.web.servlet.DispatcherServlet        : GET "/api/navigation", parameters={}
2026-02-20T02:50:42.888Z DEBUG 11936 --- [ProEvalis] [nio-8082-exec-1] o.s.web.servlet.DispatcherServlet        : Completed 200 OK
2026-02-20T02:50:42.891Z DEBUG 11936 --- [ProEvalis] [nio-8082-exec-3] s.w.s.m.m.a.RequestMappingHandlerMapping : Mapped to com.locemp.tenant.base.controller.NavigationController#getNavigation(UserPrincipal)
2026-02-20T02:50:42.892Z DEBUG 11936 --- [ProEvalis] [nio-8082-exec-3] org.hibernate.SQL                        : select r1_0.id from roles r1_0 join role_matrix p1_0 on r1_0.id=p1_0.role_id where p1_0.resource_type=? and p1_0.action in (?,?,?,?,?,?,?,?)
2026-02-20T02:50:42.898Z DEBUG 11936 --- [ProEvalis] [nio-8082-exec-3] org.hibernate.SQL                        : select r1_0.object_id from relationships r1_0 where r1_0.subject_id=? and r1_0.subject_type='USER' and r1_0.relation='MEMBER' and r1_0.object_type='GROUP' and (r1_0.expires_at is null or r1_0.expires_at>localtimestamp)
2026-02-20T02:50:42.899Z DEBUG 11936 --- [ProEvalis] [nio-8082-exec-3] org.hibernate.SQL                        : select count(r1_0.id)>0 from relationships r1_0 where r1_0.subject_id in (?) and r1_0.object_id=? and r1_0.relation in (?,?,?,?,?,?,?,?) and (r1_0.expires_at is null or r1_0.expires_at>localtimestamp)
2026-02-20T02:50:42.901Z DEBUG 11936 --- [ProEvalis] [nio-8082-exec-3] org.hibernate.SQL                        : select r1_0.id,r1_0.created_at,r1_0.deleted_at,r1_0.description,r1_0.is_system_role,r1_0.name,p1_0.role_id,p1_0.action,p1_0.resource_type,r1_0.scope,r1_0.updated_at from roles r1_0 left join role_matrix p1_0 on r1_0.id=p1_0.role_id where r1_0.id=?
2026-02-20T02:50:42.904Z DEBUG 11936 --- [ProEvalis] [nio-8082-exec-3] org.hibernate.SQL                        : select r1_0.id from roles r1_0 join role_matrix p1_0 on r1_0.id=p1_0.role_id where p1_0.resource_type=? and p1_0.action in (?,?)
2026-02-20T02:50:42.910Z DEBUG 11936 --- [ProEvalis] [nio-8082-exec-3] org.hibernate.SQL                        : select r1_0.object_id from relationships r1_0 where r1_0.subject_id=? and r1_0.subject_type='USER' and r1_0.relation='MEMBER' and r1_0.object_type='GROUP' and (r1_0.expires_at is null or r1_0.expires_at>localtimestamp)
2026-02-20T02:50:42.912Z DEBUG 11936 --- [ProEvalis] [nio-8082-exec-3] org.hibernate.SQL                        : select count(r1_0.id)>0 from relationships r1_0 where r1_0.subject_id in (?) and r1_0.object_id=? and r1_0.relation in (?,?) and (r1_0.expires_at is null or r1_0.expires_at>localtimestamp)
2026-02-20T02:50:42.915Z DEBUG 11936 --- [ProEvalis] [nio-8082-exec-3] org.hibernate.SQL                        : select r1_0.id,r1_0.created_at,r1_0.deleted_at,r1_0.description,r1_0.is_system_role,r1_0.name,p1_0.role_id,p1_0.action,p1_0.resource_type,r1_0.scope,r1_0.updated_at from roles r1_0 left join role_matrix p1_0 on r1_0.id=p1_0.role_id where r1_0.id=?
2026-02-20T02:50:42.919Z DEBUG 11936 --- [ProEvalis] [nio-8082-exec-3] org.hibernate.SQL                        : select r1_0.id from roles r1_0 join role_matrix p1_0 on r1_0.id=p1_0.role_id where p1_0.resource_type=? and p1_0.action in (?,?,?,?,?,?,?,?)
2026-02-20T02:50:42.922Z DEBUG 11936 --- [ProEvalis] [nio-8082-exec-3] org.hibernate.SQL                        : select r1_0.object_id from relationships r1_0 where r1_0.subject_id=? and r1_0.subject_type='USER' and r1_0.relation='MEMBER' and r1_0.object_type='GROUP' and (r1_0.expires_at is null or r1_0.expires_at>localtimestamp)
2026-02-20T02:50:42.923Z DEBUG 11936 --- [ProEvalis] [nio-8082-exec-3] org.hibernate.SQL                        : select count(r1_0.id)>0 from relationships r1_0 where r1_0.subject_id in (?) and r1_0.object_id=? and r1_0.relation in (?,?,?,?,?,?,?,?,?,?) and (r1_0.expires_at is null or r1_0.expires_at>localtimestamp)
2026-02-20T02:50:42.927Z ERROR 11936 --- [ProEvalis] [nio-8082-exec-3] c.l.t.b.service.HateoasDiscoveryService  : Failed to fetch links from provider RebacModuleLinkProvider: Could not generate CGLIB subclass of class com.locemp.tenant.rebac.dto.RebacMetadataResponse: Common causes of this problem include using a final class or a non-visible class
2026-02-20T02:50:42.928Z DEBUG 11936 --- [ProEvalis] [nio-8082-exec-3] org.hibernate.SQL                        : select r1_0.id from roles r1_0 join role_matrix p1_0 on r1_0.id=p1_0.role_id where p1_0.resource_type=? and p1_0.action in (?,?,?,?,?,?,?,?)
2026-02-20T02:50:42.930Z DEBUG 11936 --- [ProEvalis] [nio-8082-exec-3] org.hibernate.SQL                        : select r1_0.object_id from relationships r1_0 where r1_0.subject_id=? and r1_0.subject_type='USER' and r1_0.relation='MEMBER' and r1_0.object_type='GROUP' and (r1_0.expires_at is null or r1_0.expires_at>localtimestamp)
2026-02-20T02:50:42.931Z DEBUG 11936 --- [ProEvalis] [nio-8082-exec-3] org.hibernate.SQL                        : select count(r1_0.id)>0 from relationships r1_0 where r1_0.subject_id in (?) and r1_0.object_id=? and r1_0.relation in (?,?,?,?,?,?,?,?) and (r1_0.expires_at is null or r1_0.expires_at>localtimestamp)
2026-02-20T02:50:42.934Z DEBUG 11936 --- [ProEvalis] [nio-8082-exec-3] org.hibernate.SQL                        : select count(*) from user_groups ug1_0 where ug1_0.id=?
2026-02-20T02:50:42.936Z DEBUG 11936 --- [ProEvalis] [nio-8082-exec-3] org.hibernate.SQL                        : select r1_0.id from roles r1_0 join role_matrix p1_0 on r1_0.id=p1_0.role_id where p1_0.resource_type=? and p1_0.action in (?)
2026-02-20T02:50:42.939Z DEBUG 11936 --- [ProEvalis] [nio-8082-exec-3] org.hibernate.SQL                        : select r1_0.object_id from relationships r1_0 where r1_0.subject_id=? and r1_0.subject_type='USER' and r1_0.relation='MEMBER' and r1_0.object_type='GROUP' and (r1_0.expires_at is null or r1_0.expires_at>localtimestamp)
2026-02-20T02:50:42.941Z DEBUG 11936 --- [ProEvalis] [nio-8082-exec-3] org.hibernate.SQL                        : select count(r1_0.id)>0 from relationships r1_0 where r1_0.subject_id in (?) and r1_0.object_id=? and r1_0.relation in (?,?,?) and (r1_0.expires_at is null or r1_0.expires_at>localtimestamp)
2026-02-20T02:50:42.948Z DEBUG 11936 --- [ProEvalis] [nio-8082-exec-3] org.hibernate.SQL                        : select r1_0.id from roles r1_0 join role_matrix p1_0 on r1_0.id=p1_0.role_id where p1_0.resource_type=? and p1_0.action in (?,?,?,?,?,?,?,?)
2026-02-20T02:50:42.949Z DEBUG 11936 --- [ProEvalis] [nio-8082-exec-3] org.hibernate.SQL                        : select r1_0.object_id from relationships r1_0 where r1_0.subject_id=? and r1_0.subject_type='USER' and r1_0.relation='MEMBER' and r1_0.object_type='GROUP' and (r1_0.expires_at is null or r1_0.expires_at>localtimestamp)
2026-02-20T02:50:42.950Z DEBUG 11936 --- [ProEvalis] [nio-8082-exec-3] org.hibernate.SQL                        : select count(r1_0.id)>0 from relationships r1_0 where r1_0.subject_id in (?) and r1_0.object_id=? and r1_0.relation in (?,?,?,?,?,?,?,?) and (r1_0.expires_at is null or r1_0.expires_at>localtimestamp)
2026-02-20T02:50:42.951Z DEBUG 11936 --- [ProEvalis] [nio-8082-exec-3] org.hibernate.SQL                        : select count(*) from users u1_0 where u1_0.id=?
2026-02-20T02:50:42.954Z DEBUG 11936 --- [ProEvalis] [nio-8082-exec-3] org.hibernate.SQL                        : select r1_0.id from roles r1_0 join role_matrix p1_0 on r1_0.id=p1_0.role_id where p1_0.resource_type=? and p1_0.action in (?,?)
2026-02-20T02:50:42.956Z DEBUG 11936 --- [ProEvalis] [nio-8082-exec-3] org.hibernate.SQL                        : select r1_0.object_id from relationships r1_0 where r1_0.subject_id=? and r1_0.subject_type='USER' and r1_0.relation='MEMBER' and r1_0.object_type='GROUP' and (r1_0.expires_at is null or r1_0.expires_at>localtimestamp)
2026-02-20T02:50:42.960Z DEBUG 11936 --- [ProEvalis] [nio-8082-exec-3] org.hibernate.SQL                        : select count(r1_0.id)>0 from relationships r1_0 where r1_0.subject_id in (?) and r1_0.object_id=? and r1_0.relation in (?,?) and (r1_0.expires_at is null or r1_0.expires_at>localtimestamp)
2026-02-20T02:50:42.986Z DEBUG 11936 --- [ProEvalis] [nio-8082-exec-3] org.hibernate.SQL                        : select count(*) from users u1_0 where u1_0.id=?
2026-02-20T02:50:42.991Z DEBUG 11936 --- [ProEvalis] [nio-8082-exec-3] org.hibernate.SQL                        : select r1_0.id from roles r1_0 join role_matrix p1_0 on r1_0.id=p1_0.role_id where p1_0.resource_type=? and p1_0.action in (?,?,?,?,?,?,?,?)
2026-02-20T02:50:42.992Z DEBUG 11936 --- [ProEvalis] [nio-8082-exec-3] org.hibernate.SQL                        : select r1_0.object_id from relationships r1_0 where r1_0.subject_id=? and r1_0.subject_type='USER' and r1_0.relation='MEMBER' and r1_0.object_type='GROUP' and (r1_0.expires_at is null or r1_0.expires_at>localtimestamp)
2026-02-20T02:50:42.994Z DEBUG 11936 --- [ProEvalis] [nio-8082-exec-3] org.hibernate.SQL                        : select count(r1_0.id)>0 from relationships r1_0 where r1_0.subject_id in (?) and r1_0.object_id=? and r1_0.relation in (?,?,?,?,?,?,?,?) and (r1_0.expires_at is null or r1_0.expires_at>localtimestamp)
2026-02-20T02:50:42.995Z DEBUG 11936 --- [ProEvalis] [nio-8082-exec-3] org.hibernate.SQL                        : select count(*) from projects p1_0 where p1_0.id=?
2026-02-20T02:50:42.997Z DEBUG 11936 --- [ProEvalis] [nio-8082-exec-3] org.hibernate.SQL                        : select r1_0.id from roles r1_0 join role_matrix p1_0 on r1_0.id=p1_0.role_id where p1_0.resource_type=? and p1_0.action in (?,?)
2026-02-20T02:50:42.999Z DEBUG 11936 --- [ProEvalis] [nio-8082-exec-3] org.hibernate.SQL                        : select r1_0.object_id from relationships r1_0 where r1_0.subject_id=? and r1_0.subject_type='USER' and r1_0.relation='MEMBER' and r1_0.object_type='GROUP' and (r1_0.expires_at is null or r1_0.expires_at>localtimestamp)
2026-02-20T02:50:43.000Z DEBUG 11936 --- [ProEvalis] [nio-8082-exec-3] org.hibernate.SQL                        : select count(r1_0.id)>0 from relationships r1_0 where r1_0.subject_id in (?) and r1_0.object_id=? and r1_0.relation in (?,?) and (r1_0.expires_at is null or r1_0.expires_at>localtimestamp)
2026-02-20T02:50:43.002Z DEBUG 11936 --- [ProEvalis] [nio-8082-exec-3] org.hibernate.SQL                        : select count(*) from projects p1_0 where p1_0.id=?
2026-02-20T02:50:43.006Z DEBUG 11936 --- [ProEvalis] [nio-8082-exec-3] o.s.w.s.m.m.a.HttpEntityMethodProcessor  : Using 'application/json', given [application/json, text/plain, */*] and supported [application/hal+json, application/vnd.hal+json, application/json, application/*+json, application/yaml]
2026-02-20T02:50:43.006Z DEBUG 11936 --- [ProEvalis] [nio-8082-exec-3] o.s.w.s.m.m.a.HttpEntityMethodProcessor  : Writing [links: [<http://localhost:8082/api/groups>;rel="create-group"]]
2026-02-20T02:50:43.007Z DEBUG 11936 --- [ProEvalis] [nio-8082-exec-3] o.s.web.servlet.DispatcherServlet        : Completed 200 OK
2026-02-20T02:50:43.084Z DEBUG 11936 --- [ProEvalis] [nio-8082-exec-9] o.s.security.web.FilterChainProxy        : Securing OPTIONS /api/user/profile
2026-02-20T02:50:43.089Z DEBUG 11936 --- [ProEvalis] [nio-8082-exec-5] o.s.security.web.FilterChainProxy        : Securing GET /api/user/profile
2026-02-20T02:50:43.118Z DEBUG 11936 --- [ProEvalis] [nio-8082-exec-5] org.hibernate.SQL                        : select u1_0.id,u1_0.avatar_path,u1_0.created_at,u1_0.deleted_at,u1_0.email,u1_0.email_verified_at,u1_0.password,u1_0.profile_completed,u1_0.updated_at,u1_0.user_type,u1_0.username from users u1_0 where u1_0.id=?
2026-02-20T02:50:43.119Z DEBUG 11936 --- [ProEvalis] [nio-8082-exec-5] org.hibernate.SQL                        : select mp1_0.id,mp1_0.bank_account_number,mp1_0.corporate_name,mp1_0.creation_date,mp1_0.city,mp1_0.country,mp1_0.street,mp1_0.zip_code,mp1_0.legal_form,mp1_0.legal_rep_email,mp1_0.legal_rep_first_name,mp1_0.legal_rep_function,mp1_0.legal_rep_last_name,mp1_0.legal_rep_phone,mp1_0.registration_number,mp1_0.social_object,mp1_0.user_id,u1_0.id,u1_0.avatar_path,u1_0.created_at,u1_0.deleted_at,u1_0.email,u1_0.email_verified_at,u1_0.password,u1_0.profile_completed,u1_0.updated_at,u1_0.user_type,u1_0.username,mp1_0.vat_number,mp1_0.website from moral_profiles mp1_0 join users u1_0 on u1_0.id=mp1_0.user_id where mp1_0.user_id=?
2026-02-20T02:50:43.120Z DEBUG 11936 --- [ProEvalis] [nio-8082-exec-5] org.hibernate.SQL                        : select pp1_0.id,pp1_0.city,pp1_0.country,pp1_0.street,pp1_0.zip_code,pp1_0.birth_date,pp1_0.first_name,pp1_0.gender,pp1_0.last_name,pp1_0.phone_number,pp1_0.profession,pp1_0.user_id,u1_0.id,u1_0.avatar_path,u1_0.created_at,u1_0.deleted_at,u1_0.email,u1_0.email_verified_at,u1_0.password,u1_0.profile_completed,u1_0.updated_at,u1_0.user_type,u1_0.username from physical_profiles pp1_0 join users u1_0 on u1_0.id=pp1_0.user_id where pp1_0.user_id=?
2026-02-20T02:50:43.122Z DEBUG 11936 --- [ProEvalis] [nio-8082-exec-5] org.hibernate.SQL                        : select mp1_0.id,mp1_0.bank_account_number,mp1_0.corporate_name,mp1_0.creation_date,mp1_0.city,mp1_0.country,mp1_0.street,mp1_0.zip_code,mp1_0.legal_form,mp1_0.legal_rep_email,mp1_0.legal_rep_first_name,mp1_0.legal_rep_function,mp1_0.legal_rep_last_name,mp1_0.legal_rep_phone,mp1_0.registration_number,mp1_0.social_object,mp1_0.user_id,u1_0.id,u1_0.avatar_path,u1_0.created_at,u1_0.deleted_at,u1_0.email,u1_0.email_verified_at,u1_0.password,u1_0.profile_completed,u1_0.updated_at,u1_0.user_type,u1_0.username,mp1_0.vat_number,mp1_0.website from moral_profiles mp1_0 join users u1_0 on u1_0.id=mp1_0.user_id where mp1_0.user_id=?
2026-02-20T02:50:43.138Z DEBUG 11936 --- [ProEvalis] [nio-8082-exec-5] c.l.s.j.filter.AbstractJwtRequestFilter  : Authenticated successfully: 8aa9e900-1769-48d3-bfdf-0f23c58623ca [Tenant: Optional[b0347409-2002-4817-a56d-e57b77b04391]]
2026-02-20T02:50:43.139Z DEBUG 11936 --- [ProEvalis] [nio-8082-exec-5] o.s.security.web.FilterChainProxy        : Secured GET /api/user/profile
2026-02-20T02:50:43.143Z DEBUG 11936 --- [ProEvalis] [nio-8082-exec-5] o.s.web.servlet.DispatcherServlet        : GET "/api/user/profile", parameters={}
2026-02-20T02:50:43.144Z DEBUG 11936 --- [ProEvalis] [nio-8082-exec-5] s.w.s.m.m.a.RequestMappingHandlerMapping : Mapped to com.locemp.tenant.features.user.controller.UserController#getCurrentUserProfile(UserPrincipal)
2026-02-20T02:50:43.146Z DEBUG 11936 --- [ProEvalis] [nio-8082-exec-5] org.hibernate.SQL                        : select u1_0.id,u1_0.avatar_path,u1_0.created_at,u1_0.deleted_at,u1_0.email,u1_0.email_verified_at,u1_0.password,u1_0.profile_completed,u1_0.updated_at,u1_0.user_type,u1_0.username from users u1_0 where u1_0.id=?
2026-02-20T02:50:43.149Z DEBUG 11936 --- [ProEvalis] [nio-8082-exec-5] org.hibernate.SQL                        : select mp1_0.id,mp1_0.bank_account_number,mp1_0.corporate_name,mp1_0.creation_date,mp1_0.city,mp1_0.country,mp1_0.street,mp1_0.zip_code,mp1_0.legal_form,mp1_0.legal_rep_email,mp1_0.legal_rep_first_name,mp1_0.legal_rep_function,mp1_0.legal_rep_last_name,mp1_0.legal_rep_phone,mp1_0.registration_number,mp1_0.social_object,mp1_0.user_id,u1_0.id,u1_0.avatar_path,u1_0.created_at,u1_0.deleted_at,u1_0.email,u1_0.email_verified_at,u1_0.password,u1_0.profile_completed,u1_0.updated_at,u1_0.user_type,u1_0.username,mp1_0.vat_number,mp1_0.website from moral_profiles mp1_0 join users u1_0 on u1_0.id=mp1_0.user_id where mp1_0.user_id=?
2026-02-20T02:50:43.152Z DEBUG 11936 --- [ProEvalis] [nio-8082-exec-5] org.hibernate.SQL                        : select pp1_0.id,pp1_0.city,pp1_0.country,pp1_0.street,pp1_0.zip_code,pp1_0.birth_date,pp1_0.first_name,pp1_0.gender,pp1_0.last_name,pp1_0.phone_number,pp1_0.profession,pp1_0.user_id,u1_0.id,u1_0.avatar_path,u1_0.created_at,u1_0.deleted_at,u1_0.email,u1_0.email_verified_at,u1_0.password,u1_0.profile_completed,u1_0.updated_at,u1_0.user_type,u1_0.username from physical_profiles pp1_0 join users u1_0 on u1_0.id=pp1_0.user_id where pp1_0.user_id=?
2026-02-20T02:50:43.153Z DEBUG 11936 --- [ProEvalis] [nio-8082-exec-5] org.hibernate.SQL                        : select mp1_0.id,mp1_0.bank_account_number,mp1_0.corporate_name,mp1_0.creation_date,mp1_0.city,mp1_0.country,mp1_0.street,mp1_0.zip_code,mp1_0.legal_form,mp1_0.legal_rep_email,mp1_0.legal_rep_first_name,mp1_0.legal_rep_function,mp1_0.legal_rep_last_name,mp1_0.legal_rep_phone,mp1_0.registration_number,mp1_0.social_object,mp1_0.user_id,u1_0.id,u1_0.avatar_path,u1_0.created_at,u1_0.deleted_at,u1_0.email,u1_0.email_verified_at,u1_0.password,u1_0.profile_completed,u1_0.updated_at,u1_0.user_type,u1_0.username,mp1_0.vat_number,mp1_0.website from moral_profiles mp1_0 join users u1_0 on u1_0.id=mp1_0.user_id where mp1_0.user_id=?
2026-02-20T02:50:43.164Z DEBUG 11936 --- [ProEvalis] [nio-8082-exec-5] org.hibernate.SQL                        : select r1_0.id from roles r1_0 join role_matrix p1_0 on r1_0.id=p1_0.role_id where p1_0.resource_type=? and p1_0.action in (?,?,?)
2026-02-20T02:50:43.169Z DEBUG 11936 --- [ProEvalis] [nio-8082-exec-5] org.hibernate.SQL                        : select r1_0.object_id from relationships r1_0 where r1_0.subject_id=? and r1_0.subject_type='USER' and r1_0.relation='MEMBER' and r1_0.object_type='GROUP' and (r1_0.expires_at is null or r1_0.expires_at>localtimestamp)
2026-02-20T02:50:43.173Z DEBUG 11936 --- [ProEvalis] [nio-8082-exec-5] org.hibernate.SQL                        : select count(r1_0.id)>0 from relationships r1_0 where r1_0.subject_id in (?) and r1_0.object_id=? and r1_0.relation in (?,?,?) and (r1_0.expires_at is null or r1_0.expires_at>localtimestamp)
2026-02-20T02:50:43.176Z DEBUG 11936 --- [ProEvalis] [nio-8082-exec-5] org.hibernate.SQL                        : select count(*) from users u1_0 where u1_0.id=?
2026-02-20T02:50:43.178Z DEBUG 11936 --- [ProEvalis] [nio-8082-exec-5] org.hibernate.SQL                        : select count(r1_0.id)>0 from relationships r1_0 where r1_0.subject_id in (?) and r1_0.object_id=? and r1_0.relation in (?,?,?) and (r1_0.expires_at is null or r1_0.expires_at>localtimestamp)
2026-02-20T02:50:43.179Z DEBUG 11936 --- [ProEvalis] [nio-8082-exec-5] c.l.t.r.s.ResourceHierarchyService       : No HierarchyResolver found for ResourceType: TENANT
2026-02-20T02:50:43.182Z DEBUG 11936 --- [ProEvalis] [nio-8082-exec-5] org.hibernate.SQL                        : select r1_0.id from roles r1_0 join role_matrix p1_0 on r1_0.id=p1_0.role_id where p1_0.resource_type=? and p1_0.action in (?,?)
2026-02-20T02:50:43.184Z DEBUG 11936 --- [ProEvalis] [nio-8082-exec-5] org.hibernate.SQL                        : select r1_0.object_id from relationships r1_0 where r1_0.subject_id=? and r1_0.subject_type='USER' and r1_0.relation='MEMBER' and r1_0.object_type='GROUP' and (r1_0.expires_at is null or r1_0.expires_at>localtimestamp)
2026-02-20T02:50:43.186Z DEBUG 11936 --- [ProEvalis] [nio-8082-exec-5] org.hibernate.SQL                        : select count(r1_0.id)>0 from relationships r1_0 where r1_0.subject_id in (?) and r1_0.object_id=? and r1_0.relation in (?,?) and (r1_0.expires_at is null or r1_0.expires_at>localtimestamp)
2026-02-20T02:50:43.189Z DEBUG 11936 --- [ProEvalis] [nio-8082-exec-5] org.hibernate.SQL                        : select count(*) from users u1_0 where u1_0.id=?
2026-02-20T02:50:43.191Z DEBUG 11936 --- [ProEvalis] [nio-8082-exec-5] org.hibernate.SQL                        : select count(r1_0.id)>0 from relationships r1_0 where r1_0.subject_id in (?) and r1_0.object_id=? and r1_0.relation in (?,?) and (r1_0.expires_at is null or r1_0.expires_at>localtimestamp)
2026-02-20T02:50:43.194Z DEBUG 11936 --- [ProEvalis] [nio-8082-exec-5] c.l.t.r.s.ResourceHierarchyService       : No HierarchyResolver found for ResourceType: TENANT
2026-02-20T02:50:43.195Z DEBUG 11936 --- [ProEvalis] [nio-8082-exec-5] org.hibernate.SQL                        : select r1_0.id from roles r1_0 join role_matrix p1_0 on r1_0.id=p1_0.role_id where p1_0.resource_type=? and p1_0.action in (?)
2026-02-20T02:50:43.198Z DEBUG 11936 --- [ProEvalis] [nio-8082-exec-5] org.hibernate.SQL                        : select r1_0.object_id from relationships r1_0 where r1_0.subject_id=? and r1_0.subject_type='USER' and r1_0.relation='MEMBER' and r1_0.object_type='GROUP' and (r1_0.expires_at is null or r1_0.expires_at>localtimestamp)
2026-02-20T02:50:43.202Z DEBUG 11936 --- [ProEvalis] [nio-8082-exec-5] org.hibernate.SQL                        : select count(r1_0.id)>0 from relationships r1_0 where r1_0.subject_id in (?) and r1_0.object_id=? and r1_0.relation in (?) and (r1_0.expires_at is null or r1_0.expires_at>localtimestamp)
2026-02-20T02:50:43.204Z DEBUG 11936 --- [ProEvalis] [nio-8082-exec-5] org.hibernate.SQL                        : select count(*) from users u1_0 where u1_0.id=?
2026-02-20T02:50:43.208Z DEBUG 11936 --- [ProEvalis] [nio-8082-exec-5] org.hibernate.SQL                        : select count(r1_0.id)>0 from relationships r1_0 where r1_0.subject_id in (?) and r1_0.object_id=? and r1_0.relation in (?) and (r1_0.expires_at is null or r1_0.expires_at>localtimestamp)
2026-02-20T02:50:43.209Z DEBUG 11936 --- [ProEvalis] [nio-8082-exec-5] c.l.t.r.s.ResourceHierarchyService       : No HierarchyResolver found for ResourceType: TENANT
2026-02-20T02:50:43.214Z DEBUG 11936 --- [ProEvalis] [nio-8082-exec-5] o.s.w.s.m.m.a.HttpEntityMethodProcessor  : Using 'application/json', given [application/json, text/plain, */*] and supported [application/hal+json, application/vnd.hal+json, application/json, application/*+json, application/yaml]
2026-02-20T02:50:43.214Z DEBUG 11936 --- [ProEvalis] [nio-8082-exec-5] o.s.w.s.m.m.a.HttpEntityMethodProcessor  : Writing [EntityModel { content: UserDetailResponse[id=8aa9e900-1769-48d3-bfdf-0f23c58623ca, username=Habibe K (truncated)...]
2026-02-20T02:50:43.215Z DEBUG 11936 --- [ProEvalis] [nio-8082-exec-5] o.s.web.servlet.DispatcherServlet        : Completed 200 OK
2026-02-20T02:50:52.070Z DEBUG 11936 --- [ProEvalis] [nio-8082-exec-8] o.s.security.web.FilterChainProxy        : Securing OPTIONS /api/projects
2026-02-20T02:50:52.083Z DEBUG 11936 --- [ProEvalis] [nio-8082-exec-6] o.s.security.web.FilterChainProxy        : Securing GET /api/projects
2026-02-20T02:50:52.112Z DEBUG 11936 --- [ProEvalis] [nio-8082-exec-6] org.hibernate.SQL                        : select u1_0.id,u1_0.avatar_path,u1_0.created_at,u1_0.deleted_at,u1_0.email,u1_0.email_verified_at,u1_0.password,u1_0.profile_completed,u1_0.updated_at,u1_0.user_type,u1_0.username from users u1_0 where u1_0.id=?
2026-02-20T02:50:52.114Z DEBUG 11936 --- [ProEvalis] [nio-8082-exec-6] org.hibernate.SQL                        : select mp1_0.id,mp1_0.bank_account_number,mp1_0.corporate_name,mp1_0.creation_date,mp1_0.city,mp1_0.country,mp1_0.street,mp1_0.zip_code,mp1_0.legal_form,mp1_0.legal_rep_email,mp1_0.legal_rep_first_name,mp1_0.legal_rep_function,mp1_0.legal_rep_last_name,mp1_0.legal_rep_phone,mp1_0.registration_number,mp1_0.social_object,mp1_0.user_id,u1_0.id,u1_0.avatar_path,u1_0.created_at,u1_0.deleted_at,u1_0.email,u1_0.email_verified_at,u1_0.password,u1_0.profile_completed,u1_0.updated_at,u1_0.user_type,u1_0.username,mp1_0.vat_number,mp1_0.website from moral_profiles mp1_0 join users u1_0 on u1_0.id=mp1_0.user_id where mp1_0.user_id=?
2026-02-20T02:50:52.116Z DEBUG 11936 --- [ProEvalis] [nio-8082-exec-6] org.hibernate.SQL                        : select pp1_0.id,pp1_0.city,pp1_0.country,pp1_0.street,pp1_0.zip_code,pp1_0.birth_date,pp1_0.first_name,pp1_0.gender,pp1_0.last_name,pp1_0.phone_number,pp1_0.profession,pp1_0.user_id,u1_0.id,u1_0.avatar_path,u1_0.created_at,u1_0.deleted_at,u1_0.email,u1_0.email_verified_at,u1_0.password,u1_0.profile_completed,u1_0.updated_at,u1_0.user_type,u1_0.username from physical_profiles pp1_0 join users u1_0 on u1_0.id=pp1_0.user_id where pp1_0.user_id=?
2026-02-20T02:50:52.119Z DEBUG 11936 --- [ProEvalis] [nio-8082-exec-6] org.hibernate.SQL                        : select mp1_0.id,mp1_0.bank_account_number,mp1_0.corporate_name,mp1_0.creation_date,mp1_0.city,mp1_0.country,mp1_0.street,mp1_0.zip_code,mp1_0.legal_form,mp1_0.legal_rep_email,mp1_0.legal_rep_first_name,mp1_0.legal_rep_function,mp1_0.legal_rep_last_name,mp1_0.legal_rep_phone,mp1_0.registration_number,mp1_0.social_object,mp1_0.user_id,u1_0.id,u1_0.avatar_path,u1_0.created_at,u1_0.deleted_at,u1_0.email,u1_0.email_verified_at,u1_0.password,u1_0.profile_completed,u1_0.updated_at,u1_0.user_type,u1_0.username,mp1_0.vat_number,mp1_0.website from moral_profiles mp1_0 join users u1_0 on u1_0.id=mp1_0.user_id where mp1_0.user_id=?
2026-02-20T02:50:52.127Z DEBUG 11936 --- [ProEvalis] [nio-8082-exec-6] c.l.s.j.filter.AbstractJwtRequestFilter  : Authenticated successfully: 8aa9e900-1769-48d3-bfdf-0f23c58623ca [Tenant: Optional[b0347409-2002-4817-a56d-e57b77b04391]]
2026-02-20T02:50:52.128Z DEBUG 11936 --- [ProEvalis] [nio-8082-exec-6] o.s.security.web.FilterChainProxy        : Secured GET /api/projects
2026-02-20T02:50:52.128Z DEBUG 11936 --- [ProEvalis] [nio-8082-exec-6] o.s.web.servlet.DispatcherServlet        : GET "/api/projects", parameters={}
2026-02-20T02:50:52.129Z DEBUG 11936 --- [ProEvalis] [nio-8082-exec-6] s.w.s.m.m.a.RequestMappingHandlerMapping : Mapped to com.locemp.tenant.features.project.controller.ProjectController#searchProjects(String, Pageable)
2026-02-20T02:50:52.132Z DEBUG 11936 --- [ProEvalis] [nio-8082-exec-6] org.hibernate.SQL                        : select r1_0.id from roles r1_0 join role_matrix p1_0 on r1_0.id=p1_0.role_id where p1_0.resource_type=? and p1_0.action in (?,?,?,?,?,?,?,?)
2026-02-20T02:50:52.143Z DEBUG 11936 --- [ProEvalis] [nio-8082-exec-6] org.hibernate.SQL                        : select r1_0.object_id from relationships r1_0 where r1_0.subject_id=? and r1_0.subject_type='USER' and r1_0.relation='MEMBER' and r1_0.object_type='GROUP' and (r1_0.expires_at is null or r1_0.expires_at>localtimestamp)
2026-02-20T02:50:52.148Z DEBUG 11936 --- [ProEvalis] [nio-8082-exec-6] org.hibernate.SQL                        : select count(r1_0.id)>0 from relationships r1_0 where r1_0.subject_id in (?) and r1_0.object_id=? and r1_0.relation in (?,?,?,?,?,?,?,?) and (r1_0.expires_at is null or r1_0.expires_at>localtimestamp)
2026-02-20T02:50:52.151Z DEBUG 11936 --- [ProEvalis] [nio-8082-exec-6] org.hibernate.SQL                        : select count(*) from projects p1_0 where p1_0.id=?
2026-02-20T02:50:52.157Z  WARN 11936 --- [ProEvalis] [nio-8082-exec-6] c.l.t.b.s.aspect.TenantSecurityAspect    : Access Denied: User '8aa9e900-1769-48d3-bfdf-0f23c58623ca' needed PROJECT/READ on [null]
2026-02-20T02:50:52.158Z DEBUG 11936 --- [ProEvalis] [nio-8082-exec-6] .m.m.a.ExceptionHandlerExceptionResolver : Using @ExceptionHandler com.locemp.core.api.exception.GlobalExceptionHandler#handleAccessDeniedException(AccessDeniedException)
2026-02-20T02:50:52.158Z DEBUG 11936 --- [ProEvalis] [nio-8082-exec-6] o.s.w.s.m.m.a.HttpEntityMethodProcessor  : Using 'application/json', given [application/json, text/plain, */*] and supported [application/json, application/*+json, application/yaml]
2026-02-20T02:50:52.158Z DEBUG 11936 --- [ProEvalis] [nio-8082-exec-6] o.s.w.s.m.m.a.HttpEntityMethodProcessor  : Writing [ErrorResponse[timestamp=2026-02-20T02:50:52.158466258, status=403, message=Access Denied: You do not (truncated)...]
2026-02-20T02:50:52.160Z  WARN 11936 --- [ProEvalis] [nio-8082-exec-6] .m.m.a.ExceptionHandlerExceptionResolver : Resolved [org.springframework.security.access.AccessDeniedException: Access Denied]
2026-02-20T02:50:52.160Z DEBUG 11936 --- [ProEvalis] [nio-8082-exec-6] o.s.web.servlet.DispatcherServlet        : Completed 403 FORBIDDEN